Log file open, 02/17/20 10:19:57
LogWindows: Failed to load 'aqProf.dll' (GetLastError=126)
LogWindows: File 'aqProf.dll' does not exist
LogWindows: Failed to load 'VtuneApi.dll' (GetLastError=126)
LogWindows: File 'VtuneApi.dll' does not exist
LogWindows: Failed to load 'VtuneApi32e.dll' (GetLastError=126)
LogWindows: File 'VtuneApi32e.dll' does not exist
LogConsoleResponse: Display: Failed to find resolution value strings in scalability ini. Falling back to default.
LogInit: Display: Running engine for game: Lapwing
LogPakFile: Registered encryption key '00000000000000000000000000000000': 0 pak files mounted, 0 remain pending
LogPlatformFile: Not using cached read wrapper
LogTaskGraph: Started task graph with 5 named threads and 14 total threads with 3 sets of task threads.
LogStats: Stats thread started at 0.203027
LogD3D11RHI: Loaded GFSDK_Aftermath_Lib.x64.dll
LogICUInternationalization: ICU TimeZone Detection - Raw Offset: -7:00, Platform Override: ''
LogPluginManager: Mounting plugin Paper2D
LogPluginManager: Mounting plugin AISupport
LogPluginManager: Mounting plugin LightPropagationVolume
LogPluginManager: Mounting plugin ActorLayerUtilities
LogPluginManager: Mounting plugin CLionSourceCodeAccess
LogPluginManager: Mounting plugin CodeLiteSourceCodeAccess
LogPluginManager: Mounting plugin GitSourceControl
LogPluginManager: Mounting plugin KDevelopSourceCodeAccess
LogPluginManager: Mounting plugin NullSourceCodeAccess
LogPluginManager: Mounting plugin PerforceSourceControl
LogPluginManager: Mounting plugin SubversionSourceControl
LogPluginManager: Mounting plugin UObjectPlugin
LogPluginManager: Mounting plugin VisualStudioCodeSourceCodeAccess
LogPluginManager: Mounting plugin VisualStudioSourceCodeAccess
LogPluginManager: Mounting plugin XCodeSourceCodeAccess
LogPluginManager: Mounting plugin AssetManagerEditor
LogPluginManager: Mounting plugin CryptoKeys
LogPluginManager: Mounting plugin DataValidation
LogPluginManager: Mounting plugin FacialAnimation
LogPluginManager: Mounting plugin GameplayTagsEditor
LogPluginManager: Mounting plugin MacGraphicsSwitching
LogPluginManager: Mounting plugin MeshEditor
LogPluginManager: Mounting plugin MobileLauncherProfileWizard
LogPluginManager: Mounting plugin PluginBrowser
LogPluginManager: Mounting plugin SpeedTreeImporter
LogPluginManager: Mounting plugin DatasmithContent
LogPluginManager: Mounting plugin VariantManagerContent
LogPluginManager: Mounting plugin AlembicImporter
LogPluginManager: Mounting plugin AppleImageUtils
LogPluginManager: Mounting plugin AppleVision
LogPluginManager: Mounting plugin BackChannel
LogPluginManager: Mounting plugin CharacterAI
LogPluginManager: Mounting plugin GeometryCache
LogPluginManager: Mounting plugin HTML5Networking
LogPluginManager: Mounting plugin ProxyLODPlugin
LogPluginManager: Mounting plugin MagicLeap
LogPluginManager: Mounting plugin MagicLeapMedia
LogPluginManager: Mounting plugin AndroidMedia
LogPluginManager: Mounting plugin AvfMedia
LogPluginManager: Mounting plugin ImgMedia
LogPluginManager: Mounting plugin LinearTimecode
LogPluginManager: Mounting plugin MediaCompositing
LogPluginManager: Mounting plugin MediaPlayerEditor
LogPluginManager: Mounting plugin WebMMedia
LogPluginManager: Mounting plugin WmfMedia
LogPluginManager: Mounting plugin TcpMessaging
LogPluginManager: Mounting plugin UdpMessaging
LogPluginManager: Mounting plugin ActorSequence
LogPluginManager: Mounting plugin LevelSequenceEditor
LogPluginManager: Mounting plugin MatineeToLevelSequence
LogPluginManager: Mounting plugin NetcodeUnitTest
LogPluginManager: Mounting plugin NUTUnrealEngine4
LogPluginManager: Mounting plugin OnlineSubsystemGooglePlay
LogPluginManager: Mounting plugin OnlineSubsystemIOS
LogPluginManager: Mounting plugin OnlineSubsystem
LogPluginManager: Mounting plugin OnlineSubsystemNull
LogPluginManager: Mounting plugin OnlineSubsystemUtils
LogPluginManager: Mounting plugin LauncherChunkInstaller
LogPluginManager: Mounting plugin AndroidDeviceProfileSelector
LogPluginManager: Mounting plugin AndroidMoviePlayer
LogPluginManager: Mounting plugin AndroidPermission
LogPluginManager: Mounting plugin AppleMoviePlayer
LogPluginManager: Mounting plugin ArchVisCharacter
LogPluginManager: Mounting plugin AudioCapture
LogPluginManager: Mounting plugin CableComponent
LogPluginManager: Mounting plugin CustomMeshComponent
LogPluginManager: Mounting plugin EditableMesh
LogPluginManager: Mounting plugin ExampleDeviceProfileSelector
LogPluginManager: Mounting plugin Firebase
LogPluginManager: Mounting plugin GoogleCloudMessaging
LogPluginManager: Mounting plugin IOSDeviceProfileSelector
LogPluginManager: Mounting plugin LinuxDeviceProfileSelector
LogPluginManager: Mounting plugin LocationServicesBPLibrary
LogPluginManager: Mounting plugin MobilePatchingUtils
LogPluginManager: Mounting plugin OculusVR
LogPluginManager: Mounting plugin PhysXVehicles
LogPluginManager: Mounting plugin ProceduralMeshComponent
LogPluginManager: Mounting plugin RuntimePhysXCooking
LogPluginManager: Mounting plugin SteamVR
LogPluginManager: Mounting plugin WebMMoviePlayer
LogPluginManager: Mounting plugin WindowsMoviePlayer
LogStreaming: Display: Took  0.247s to configure plugins.
LogInit: Using libcurl 7.55.1-DEV
LogInit:  - built for x86_64-pc-win32
LogInit:  - supports SSL with OpenSSL/1.0.2h
LogInit:  - supports HTTP deflate (compression) using libz 1.2.8
LogInit:  - other features:
LogInit:      CURL_VERSION_SSL
LogInit:      CURL_VERSION_LIBZ
LogInit:      CURL_VERSION_IPV6
LogInit:      CURL_VERSION_ASYNCHDNS
LogInit:      CURL_VERSION_LARGEFILE
LogInit:      CURL_VERSION_IDN
LogInit:  CurlRequestOptions (configurable via config and command line):
LogInit:  - bVerifyPeer = true  - Libcurl will verify peer certificate
LogInit:  - bUseHttpProxy = false  - Libcurl will NOT use HTTP proxy
LogInit:  - bDontReuseConnections = false  - Libcurl will reuse connections
LogInit:  - MaxHostConnections = 16  - Libcurl will limit the number of connections to a host
LogInit:  - LocalHostAddr = Default
LogInit:  - BufferSize = 65536
LogInit: WinSock: version 1.1 (2.2), MaxSocks=32767, MaxUdp=65467
LogInit: Build: ++UE4+Release-4.21-CL-4753647
LogInit: Engine Version: 4.21.2-4753647+++UE4+Release-4.21
LogInit: Compatible Engine Version: 4.21.0-4541578+++UE4+Release-4.21
LogInit: Net CL: 4541578
LogInit: OS: Windows 10 (), CPU:        Intel(R) Core(TM) i5-2500K CPU @ 3.30GHz, GPU: NVIDIA GeForce GTX 1060 3GB
LogInit: Compiled (64-bit): Jan 19 2019 02:07:31
LogInit: Compiled with Visual C++: 19.13.26129.00
LogInit: Build Configuration: Development
LogInit: Branch Name: ++UE4+Release-4.21
LogInit: Command Line: 
LogInit: Base Directory: D:/Epic/Epic Games/UE_4.21/Engine/Binaries/Win64/
LogInit: Installed Engine Build: 1
LogDevObjectVersion: Number of dev versions registered: 22
LogDevObjectVersion:   Dev-Blueprints (B0D832E4-1F89-4F0D-ACCF-7EB736FD4AA2): 10
LogDevObjectVersion:   Dev-Build (E1C64328-A22C-4D53-A36C-8E866417BD8C): 0
LogDevObjectVersion:   Dev-Core (375EC13C-06E4-48FB-B500-84F0262A717E): 2
LogDevObjectVersion:   Dev-Editor (E4B068ED-F494-42E9-A231-DA0B2E46BB41): 26
LogDevObjectVersion:   Dev-Framework (CFFC743F-43B0-4480-9391-14DF171D2073): 34
LogDevObjectVersion:   Dev-Mobile (B02B49B5-BB20-44E9-A304-32B752E40360): 2
LogDevObjectVersion:   Dev-Networking (A4E4105C-59A1-49B5-A7C5-40C4547EDFEE): 0
LogDevObjectVersion:   Dev-Online (39C831C9-5AE6-47DC-9A44-9C173E1C8E7C): 0
LogDevObjectVersion:   Dev-Physics (78F01B33-EBEA-4F98-B9B4-84EACCB95AA2): 0
LogDevObjectVersion:   Dev-Platform (6631380F-2D4D-43E0-8009-CF276956A95A): 0
LogDevObjectVersion:   Dev-Rendering (12F88B9F-8875-4AFC-A67C-D90C383ABD29): 27
LogDevObjectVersion:   Dev-Sequencer (7B5AE74C-D270-4C10-A958-57980B212A5A): 9
LogDevObjectVersion:   Dev-VR (D7296918-1DD6-4BDD-9DE2-64A83CC13884): 2
LogDevObjectVersion:   Dev-LoadTimes (C2A15278-BFE7-4AFE-6C17-90FF531DF755): 1
LogDevObjectVersion:   Private-Geometry (6EACA3D4-40EC-4CC1-B786-8BED09428FC5): 3
LogDevObjectVersion:   Dev-AnimPhys (29E575DD-E0A3-4627-9D10-D276232CDCEA): 17
LogDevObjectVersion:   Dev-Anim (AF43A65D-7FD3-4947-9873-3E8ED9C1BB05): 2
LogDevObjectVersion:   Dev-ReflectionCapture (6B266CEC-1EC7-4B8F-A30B-E4D90942FC07): 1
LogDevObjectVersion:   Dev-Automation (0DF73D61-A23F-47EA-B727-89E90C41499A): 1
LogDevObjectVersion:   FortniteMain (601D1886-AC64-4F84-AA16-D3DE0DEAC7D6): 17
LogDevObjectVersion:   Dev-Enterprise (9DFFBCD6-494F-0158-E221-12823C92A888): 4
LogDevObjectVersion:   Dev-Niagara (F2AED0AC-9AFE-416F-8664-AA7FFA26D6FC): 1
LogStreaming: Display: Took  0.061s to delete old logs.
LogInit: Presizing for max 8388607 objects, including 0 objects not considered by GC, pre-allocating 0 bytes for permanent pool.
LogInit: Object subsystem initialized
LogConfig: Setting CVar [[con.DebugEarlyDefault:1]]
LogConfig: Setting CVar [[r.setres:1280x720]]
[2020.02.17-17.19.57:585][  0]LogConfig: Setting CVar [[r.VSync:0]]
[2020.02.17-17.19.57:585][  0]LogConfig: Setting CVar [[r.RHICmdBypass:0]]
[2020.02.17-17.19.57:585][  0]LogConfig: Applying CVar settings from Section [/Script/Engine.RendererSettings] File [C:/Users/jocow/OneDrive/Documents/Jonah Cowan/Projects/LapwingGame/Lapwing/Saved/Config/Windows/Engine.ini]
[2020.02.17-17.19.57:585][  0]LogConfig: Setting CVar [[r.GPUCrashDebugging:0]]
[2020.02.17-17.19.57:585][  0]LogConfig: Applying CVar settings from Section [/Script/Engine.RendererOverrideSettings] File [C:/Users/jocow/OneDrive/Documents/Jonah Cowan/Projects/LapwingGame/Lapwing/Saved/Config/Windows/Engine.ini]
[2020.02.17-17.19.57:585][  0]LogConfig: Applying CVar settings from Section [/Script/Engine.StreamingSettings] File [C:/Users/jocow/OneDrive/Documents/Jonah Cowan/Projects/LapwingGame/Lapwing/Saved/Config/Windows/Engine.ini]
[2020.02.17-17.19.57:585][  0]LogConfig: Setting CVar [[s.MinBulkDataSizeForAsyncLoading:131072]]
[2020.02.17-17.19.57:586][  0]LogConfig: Setting CVar [[s.AsyncLoadingThreadEnabled:0]]
[2020.02.17-17.19.57:586][  0]LogConfig: Setting CVar [[s.EventDrivenLoaderEnabled:1]]
[2020.02.17-17.19.57:586][  0]LogConfig: Setting CVar [[s.WarnIfTimeLimitExceeded:0]]
[2020.02.17-17.19.57:586][  0]LogConfig: Setting CVar [[s.TimeLimitExceededMultiplier:1.5]]
[2020.02.17-17.19.57:586][  0]LogConfig: Setting CVar [[s.TimeLimitExceededMinTime:0.005]]
[2020.02.17-17.19.57:586][  0]LogConfig: Setting CVar [[s.UseBackgroundLevelStreaming:1]]
[2020.02.17-17.19.57:586][  0]LogConfig: Setting CVar [[s.PriorityAsyncLoadingExtraTime:15.0]]
[2020.02.17-17.19.57:586][  0]LogConfig: Setting CVar [[s.LevelStreamingActorsUpdateTimeLimit:5.0]]
[2020.02.17-17.19.57:586][  0]LogConfig: Setting CVar [[s.PriorityLevelStreamingActorsUpdateExtraTime:5.0]]
[2020.02.17-17.19.57:586][  0]LogConfig: Setting CVar [[s.LevelStreamingComponentsRegistrationGranularity:10]]
[2020.02.17-17.19.57:586][  0]LogConfig: Setting CVar [[s.UnregisterComponentsTimeLimit:1.0]]
[2020.02.17-17.19.57:586][  0]LogConfig: Setting CVar [[s.LevelStreamingComponentsUnregistrationGranularity:5]]
[2020.02.17-17.19.57:586][  0]LogConfig: Applying CVar settings from Section [/Script/Engine.GarbageCollectionSettings] File [C:/Users/jocow/OneDrive/Documents/Jonah Cowan/Projects/LapwingGame/Lapwing/Saved/Config/Windows/Engine.ini]
[2020.02.17-17.19.57:586][  0]LogConfig: Setting CVar [[gc.MaxObjectsNotConsideredByGC:1]]
[2020.02.17-17.19.57:586][  0]LogConfig: Setting CVar [[gc.SizeOfPermanentObjectPool:0]]
[2020.02.17-17.19.57:586][  0]LogConfig: Setting CVar [[gc.FlushStreamingOnGC:0]]
[2020.02.17-17.19.57:586][  0]LogConfig: Setting CVar [[gc.NumRetriesBeforeForcingGC:10]]
[2020.02.17-17.19.57:586][  0]LogConfig: Setting CVar [[gc.AllowParallelGC:1]]
[2020.02.17-17.19.57:586][  0]LogConfig: Setting CVar [[gc.TimeBetweenPurgingPendingKillObjects:61.1]]
[2020.02.17-17.19.57:586][  0]LogConfig: Setting CVar [[gc.MaxObjectsInEditor:8388607]]
[2020.02.17-17.19.57:586][  0]LogConfig: Setting CVar [[gc.IncrementalBeginDestroyEnabled:1]]
[2020.02.17-17.19.57:586][  0]LogConfig: Setting CVar [[gc.CreateGCClusters:1]]
[2020.02.17-17.19.57:586][  0]LogConfig: Setting CVar [[gc.MergeGCClusters:0]]
[2020.02.17-17.19.57:586][  0]LogConfig: Setting CVar [[gc.MinGCClusterSize:5]]
[2020.02.17-17.19.57:586][  0]LogConfig: Setting CVar [[gc.ActorClusteringEnabled:0]]
[2020.02.17-17.19.57:586][  0]LogConfig: Setting CVar [[gc.BlueprintClusteringEnabled:0]]
[2020.02.17-17.19.57:586][  0]LogConfig: Setting CVar [[gc.UseDisregardForGCOnDedicatedServers:0]]
[2020.02.17-17.19.57:586][  0]LogConfig: Applying CVar settings from Section [/Script/Engine.NetworkSettings] File [C:/Users/jocow/OneDrive/Documents/Jonah Cowan/Projects/LapwingGame/Lapwing/Saved/Config/Windows/Engine.ini]
[2020.02.17-17.19.57:586][  0]LogConfig: Applying CVar settings from Section [/Script/UnrealEd.CookerSettings] File [C:/Users/jocow/OneDrive/Documents/Jonah Cowan/Projects/LapwingGame/Lapwing/Saved/Config/Windows/Engine.ini]
[2020.02.17-17.19.57:596][  0]LogConfig: Applying CVar settings from Section [ViewDistanceQuality@3] File [C:/Users/jocow/OneDrive/Documents/Jonah Cowan/Projects/LapwingGame/Lapwing/Saved/Config/Windows/Scalability.ini]
[2020.02.17-17.19.57:596][  0]LogConfig: Setting CVar [[r.SkeletalMeshLODBias:0]]
[2020.02.17-17.19.57:596][  0]LogConfig: Setting CVar [[r.ViewDistanceScale:1.0]]
[2020.02.17-17.19.57:596][  0]LogConfig: Applying CVar settings from Section [AntiAliasingQuality@3] File [C:/Users/jocow/OneDrive/Documents/Jonah Cowan/Projects/LapwingGame/Lapwing/Saved/Config/Windows/Scalability.ini]
[2020.02.17-17.19.57:596][  0]LogConfig: Setting CVar [[r.PostProcessAAQuality:4]]
[2020.02.17-17.19.57:596][  0]LogConfig: Applying CVar settings from Section [ShadowQuality@3] File [C:/Users/jocow/OneDrive/Documents/Jonah Cowan/Projects/LapwingGame/Lapwing/Saved/Config/Windows/Scalability.ini]
[2020.02.17-17.19.57:596][  0]LogConfig: Setting CVar [[r.LightFunctionQuality:1]]
[2020.02.17-17.19.57:596][  0]LogConfig: Setting CVar [[r.ShadowQuality:5]]
[2020.02.17-17.19.57:596][  0]LogConfig: Setting CVar [[r.Shadow.CSM.MaxCascades:10]]
[2020.02.17-17.19.57:596][  0]LogConfig: Setting CVar [[r.Shadow.MaxResolution:2048]]
[2020.02.17-17.19.57:596][  0]LogConfig: Setting CVar [[r.Shadow.MaxCSMResolution:2048]]
[2020.02.17-17.19.57:596][  0]LogConfig: Setting CVar [[r.Shadow.RadiusThreshold:0.01]]
[2020.02.17-17.19.57:596][  0]LogConfig: Setting CVar [[r.Shadow.DistanceScale:1.0]]
[2020.02.17-17.19.57:596][  0]LogConfig: Setting CVar [[r.Shadow.CSM.TransitionScale:1.0]]
[2020.02.17-17.19.57:596][  0]LogConfig: Setting CVar [[r.Shadow.PreShadowResolutionFactor:1.0]]
[2020.02.17-17.19.57:596][  0]LogConfig: Setting CVar [[r.DistanceFieldShadowing:1]]
[2020.02.17-17.19.57:596][  0]LogConfig: Setting CVar [[r.DistanceFieldAO:1]]
[2020.02.17-17.19.57:596][  0]LogConfig: Setting CVar [[r.AOQuality:2]]
[2020.02.17-17.19.57:596][  0]LogConfig: Setting CVar [[r.VolumetricFog:1]]
[2020.02.17-17.19.57:596][  0]LogConfig: Setting CVar [[r.VolumetricFog.GridPixelSize:8]]
[2020.02.17-17.19.57:596][  0]LogConfig: Setting CVar [[r.VolumetricFog.GridSizeZ:128]]
[2020.02.17-17.19.57:596][  0]LogConfig: Setting CVar [[r.VolumetricFog.HistoryMissSupersampleCount:4]]
[2020.02.17-17.19.57:596][  0]LogConfig: Setting CVar [[r.LightMaxDrawDistanceScale:1]]
[2020.02.17-17.19.57:596][  0]LogConfig: Setting CVar [[r.CapsuleShadows:1]]
[2020.02.17-17.19.57:596][  0]LogConfig: Applying CVar settings from Section [PostProcessQuality@3] File [C:/Users/jocow/OneDrive/Documents/Jonah Cowan/Projects/LapwingGame/Lapwing/Saved/Config/Windows/Scalability.ini]
[2020.02.17-17.19.57:596][  0]LogConfig: Setting CVar [[r.MotionBlurQuality:4]]
[2020.02.17-17.19.57:597][  0]LogConfig: Setting CVar [[r.AmbientOcclusionMipLevelFactor:0.4]]
[2020.02.17-17.19.57:597][  0]LogConfig: Setting CVar [[r.AmbientOcclusionMaxQuality:100]]
[2020.02.17-17.19.57:597][  0]LogConfig: Setting CVar [[r.AmbientOcclusionLevels:-1]]
[2020.02.17-17.19.57:597][  0]LogConfig: Setting CVar [[r.AmbientOcclusionRadiusScale:1.0]]
[2020.02.17-17.19.57:597][  0]LogConfig: Setting CVar [[r.DepthOfFieldQuality:2]]
[2020.02.17-17.19.57:597][  0]LogConfig: Setting CVar [[r.RenderTargetPoolMin:400]]
[2020.02.17-17.19.57:597][  0]LogConfig: Setting CVar [[r.LensFlareQuality:2]]
[2020.02.17-17.19.57:597][  0]LogConfig: Setting CVar [[r.SceneColorFringeQuality:1]]
[2020.02.17-17.19.57:597][  0]LogConfig: Setting CVar [[r.EyeAdaptationQuality:2]]
[2020.02.17-17.19.57:597][  0]LogConfig: Setting CVar [[r.BloomQuality:5]]
[2020.02.17-17.19.57:597][  0]LogConfig: Setting CVar [[r.FastBlurThreshold:100]]
[2020.02.17-17.19.57:597][  0]LogConfig: Setting CVar [[r.Upscale.Quality:3]]
[2020.02.17-17.19.57:597][  0]LogConfig: Setting CVar [[r.Tonemapper.GrainQuantization:1]]
[2020.02.17-17.19.57:597][  0]LogConfig: Setting CVar [[r.LightShaftQuality:1]]
[2020.02.17-17.19.57:597][  0]LogConfig: Setting CVar [[r.Filter.SizeScale:1]]
[2020.02.17-17.19.57:597][  0]LogConfig: Setting CVar [[r.Tonemapper.Quality:5]]
[2020.02.17-17.19.57:597][  0]LogConfig: Setting CVar [[r.DOF.Gather.AccumulatorQuality:1        ; higher gathering accumulator quality]]
[2020.02.17-17.19.57:597][  0]LogConfig: Setting CVar [[r.DOF.Gather.PostfilterMethod:1          ; Median3x3 postfilering method]]
[2020.02.17-17.19.57:597][  0]LogConfig: Setting CVar [[r.DOF.Gather.EnableBokehSettings:0       ; no bokeh simulation when gathering]]
[2020.02.17-17.19.57:597][  0]LogConfig: Setting CVar [[r.DOF.Gather.RingCount:4                 ; medium number of samples when gathering]]
[2020.02.17-17.19.57:597][  0]LogConfig: Setting CVar [[r.DOF.Scatter.ForegroundCompositing:1    ; additive foreground scattering]]
[2020.02.17-17.19.57:597][  0]LogConfig: Setting CVar [[r.DOF.Scatter.BackgroundCompositing:2    ; additive background scattering]]
[2020.02.17-17.19.57:597][  0]LogConfig: Setting CVar [[r.DOF.Scatter.EnableBokehSettings:1      ; bokeh simulation when scattering]]
[2020.02.17-17.19.57:597][  0]LogConfig: Setting CVar [[r.DOF.Scatter.MaxSpriteRatio:0.1         ; only a maximum of 10% of scattered bokeh]]
[2020.02.17-17.19.57:597][  0]LogConfig: Setting CVar [[r.DOF.Recombine.Quality:1                ; cheap slight out of focus]]
[2020.02.17-17.19.57:597][  0]LogConfig: Setting CVar [[r.DOF.Recombine.EnableBokehSettings:0    ; no bokeh simulation on slight out of focus]]
[2020.02.17-17.19.57:597][  0]LogConfig: Setting CVar [[r.DOF.TemporalAAQuality:1                ; more stable temporal accumulation]]
[2020.02.17-17.19.57:597][  0]LogConfig: Setting CVar [[r.DOF.Kernel.MaxForegroundRadius:0.025]]
[2020.02.17-17.19.57:597][  0]LogConfig: Setting CVar [[r.DOF.Kernel.MaxBackgroundRadius:0.025]]
[2020.02.17-17.19.57:597][  0]LogConfig: Applying CVar settings from Section [TextureQuality@3] File [C:/Users/jocow/OneDrive/Documents/Jonah Cowan/Projects/LapwingGame/Lapwing/Saved/Config/Windows/Scalability.ini]
[2020.02.17-17.19.57:597][  0]LogConfig: Setting CVar [[r.Streaming.MipBias:0]]
[2020.02.17-17.19.57:597][  0]LogConfig: Setting CVar [[r.Streaming.AmortizeCPUToGPUCopy:0]]
[2020.02.17-17.19.57:597][  0]LogConfig: Setting CVar [[r.Streaming.MaxNumTexturesToStreamPerFrame:0]]
[2020.02.17-17.19.57:597][  0]LogConfig: Setting CVar [[r.Streaming.Boost:1]]
[2020.02.17-17.19.57:597][  0]LogConfig: Setting CVar [[r.MaxAnisotropy:8]]
[2020.02.17-17.19.57:597][  0]LogConfig: Setting CVar [[r.Streaming.LimitPoolSizeToVRAM:0]]
[2020.02.17-17.19.57:597][  0]LogConfig: Setting CVar [[r.Streaming.PoolSize:1000]]
[2020.02.17-17.19.57:597][  0]LogConfig: Setting CVar [[r.Streaming.MaxEffectiveScreenSize:0]]
[2020.02.17-17.19.57:597][  0]LogConfig: Applying CVar settings from Section [EffectsQuality@3] File [C:/Users/jocow/OneDrive/Documents/Jonah Cowan/Projects/LapwingGame/Lapwing/Saved/Config/Windows/Scalability.ini]
[2020.02.17-17.19.57:597][  0]LogConfig: Setting CVar [[r.TranslucencyLightingVolumeDim:64]]
[2020.02.17-17.19.57:597][  0]LogConfig: Setting CVar [[r.RefractionQuality:2]]
[2020.02.17-17.19.57:597][  0]LogConfig: Setting CVar [[r.SSR.Quality:3]]
[2020.02.17-17.19.57:597][  0]LogConfig: Setting CVar [[r.SceneColorFormat:4]]
[2020.02.17-17.19.57:597][  0]LogConfig: Setting CVar [[r.DetailMode:2]]
[2020.02.17-17.19.57:597][  0]LogConfig: Setting CVar [[r.TranslucencyVolumeBlur:1]]
[2020.02.17-17.19.57:597][  0]LogConfig: Setting CVar [[r.MaterialQualityLevel:1 ; High quality]]
[2020.02.17-17.19.57:597][  0]LogConfig: Setting CVar [[r.SSS.Scale:1]]
[2020.02.17-17.19.57:597][  0]LogConfig: Setting CVar [[r.SSS.SampleSet:2]]
[2020.02.17-17.19.57:597][  0]LogConfig: Setting CVar [[r.SSS.Quality:1]]
[2020.02.17-17.19.57:597][  0]LogConfig: Setting CVar [[r.SSS.HalfRes:1]]
[2020.02.17-17.19.57:597][  0]LogConfig: Setting CVar [[r.EmitterSpawnRateScale:1.0]]
[2020.02.17-17.19.57:597][  0]LogConfig: Setting CVar [[r.ParticleLightQuality:2]]
[2020.02.17-17.19.57:597][  0]LogConfig: Applying CVar settings from Section [FoliageQuality@3] File [C:/Users/jocow/OneDrive/Documents/Jonah Cowan/Projects/LapwingGame/Lapwing/Saved/Config/Windows/Scalability.ini]
[2020.02.17-17.19.57:597][  0]LogConfig: Setting CVar [[foliage.DensityScale:1.0]]
[2020.02.17-17.19.57:597][  0]LogConfig: Setting CVar [[grass.DensityScale:1.0]]
[2020.02.17-17.19.57:597][  0]LogInit: Selected Device Profile: [Windows]
[2020.02.17-17.19.57:597][  0]LogInit: Applying CVar settings loaded from the selected device profile: [Windows]
[2020.02.17-17.19.57:637][  0]LogHAL: Display: Platform has ~ 16 GB [17145409536 / 17179869184 / 16], which maps to Larger [LargestMinGB=32, LargerMinGB=12, DefaultMinGB=8, SmallerMinGB=6, SmallestMinGB=0)
[2020.02.17-17.19.57:637][  0]LogConfig: Setting CVar [[r.Vulkan.UseRealUBs:1]]
[2020.02.17-17.19.57:637][  0]LogInit: Going up to parent DeviceProfile []
[2020.02.17-17.19.57:637][  0]LogConfig: Applying CVar settings from Section [ViewDistanceQuality@3] File [C:/Users/jocow/OneDrive/Documents/Jonah Cowan/Projects/LapwingGame/Lapwing/Saved/Config/Windows/Scalability.ini]
[2020.02.17-17.19.57:637][  0]LogConfig: Setting CVar [[r.SkeletalMeshLODBias:0]]
[2020.02.17-17.19.57:637][  0]LogConfig: Setting CVar [[r.ViewDistanceScale:1.0]]
[2020.02.17-17.19.57:637][  0]LogConfig: Applying CVar settings from Section [AntiAliasingQuality@3] File [C:/Users/jocow/OneDrive/Documents/Jonah Cowan/Projects/LapwingGame/Lapwing/Saved/Config/Windows/Scalability.ini]
[2020.02.17-17.19.57:637][  0]LogConfig: Setting CVar [[r.PostProcessAAQuality:4]]
[2020.02.17-17.19.57:637][  0]LogConfig: Applying CVar settings from Section [ShadowQuality@3] File [C:/Users/jocow/OneDrive/Documents/Jonah Cowan/Projects/LapwingGame/Lapwing/Saved/Config/Windows/Scalability.ini]
[2020.02.17-17.19.57:637][  0]LogConfig: Setting CVar [[r.LightFunctionQuality:1]]
[2020.02.17-17.19.57:637][  0]LogConfig: Setting CVar [[r.ShadowQuality:5]]
[2020.02.17-17.19.57:637][  0]LogConfig: Setting CVar [[r.Shadow.CSM.MaxCascades:10]]
[2020.02.17-17.19.57:637][  0]LogConfig: Setting CVar [[r.Shadow.MaxResolution:2048]]
[2020.02.17-17.19.57:637][  0]LogConfig: Setting CVar [[r.Shadow.MaxCSMResolution:2048]]
[2020.02.17-17.19.57:637][  0]LogConfig: Setting CVar [[r.Shadow.RadiusThreshold:0.01]]
[2020.02.17-17.19.57:637][  0]LogConfig: Setting CVar [[r.Shadow.DistanceScale:1.0]]
[2020.02.17-17.19.57:637][  0]LogConfig: Setting CVar [[r.Shadow.CSM.TransitionScale:1.0]]
[2020.02.17-17.19.57:637][  0]LogConfig: Setting CVar [[r.Shadow.PreShadowResolutionFactor:1.0]]
[2020.02.17-17.19.57:637][  0]LogConfig: Setting CVar [[r.DistanceFieldShadowing:1]]
[2020.02.17-17.19.57:637][  0]LogConfig: Setting CVar [[r.DistanceFieldAO:1]]
[2020.02.17-17.19.57:637][  0]LogConfig: Setting CVar [[r.AOQuality:2]]
[2020.02.17-17.19.57:637][  0]LogConfig: Setting CVar [[r.VolumetricFog:1]]
[2020.02.17-17.19.57:637][  0]LogConfig: Setting CVar [[r.VolumetricFog.GridPixelSize:8]]
[2020.02.17-17.19.57:637][  0]LogConfig: Setting CVar [[r.VolumetricFog.GridSizeZ:128]]
[2020.02.17-17.19.57:637][  0]LogConfig: Setting CVar [[r.VolumetricFog.HistoryMissSupersampleCount:4]]
[2020.02.17-17.19.57:637][  0]LogConfig: Setting CVar [[r.LightMaxDrawDistanceScale:1]]
[2020.02.17-17.19.57:637][  0]LogConfig: Setting CVar [[r.CapsuleShadows:1]]
[2020.02.17-17.19.57:637][  0]LogConfig: Applying CVar settings from Section [PostProcessQuality@3] File [C:/Users/jocow/OneDrive/Documents/Jonah Cowan/Projects/LapwingGame/Lapwing/Saved/Config/Windows/Scalability.ini]
[2020.02.17-17.19.57:638][  0]LogConfig: Setting CVar [[r.MotionBlurQuality:4]]
[2020.02.17-17.19.57:638][  0]LogConfig: Setting CVar [[r.AmbientOcclusionMipLevelFactor:0.4]]
[2020.02.17-17.19.57:638][  0]LogConfig: Setting CVar [[r.AmbientOcclusionMaxQuality:100]]
[2020.02.17-17.19.57:638][  0]LogConfig: Setting CVar [[r.AmbientOcclusionLevels:-1]]
[2020.02.17-17.19.57:638][  0]LogConfig: Setting CVar [[r.AmbientOcclusionRadiusScale:1.0]]
[2020.02.17-17.19.57:638][  0]LogConfig: Setting CVar [[r.DepthOfFieldQuality:2]]
[2020.02.17-17.19.57:638][  0]LogConfig: Setting CVar [[r.RenderTargetPoolMin:400]]
[2020.02.17-17.19.57:638][  0]LogConfig: Setting CVar [[r.LensFlareQuality:2]]
[2020.02.17-17.19.57:638][  0]LogConfig: Setting CVar [[r.SceneColorFringeQuality:1]]
[2020.02.17-17.19.57:638][  0]LogConfig: Setting CVar [[r.EyeAdaptationQuality:2]]
[2020.02.17-17.19.57:638][  0]LogConfig: Setting CVar [[r.BloomQuality:5]]
[2020.02.17-17.19.57:638][  0]LogConfig: Setting CVar [[r.FastBlurThreshold:100]]
[2020.02.17-17.19.57:638][  0]LogConfig: Setting CVar [[r.Upscale.Quality:3]]
[2020.02.17-17.19.57:638][  0]LogConfig: Setting CVar [[r.Tonemapper.GrainQuantization:1]]
[2020.02.17-17.19.57:638][  0]LogConfig: Setting CVar [[r.LightShaftQuality:1]]
[2020.02.17-17.19.57:638][  0]LogConfig: Setting CVar [[r.Filter.SizeScale:1]]
[2020.02.17-17.19.57:638][  0]LogConfig: Setting CVar [[r.Tonemapper.Quality:5]]
[2020.02.17-17.19.57:638][  0]LogConfig: Setting CVar [[r.DOF.Gather.AccumulatorQuality:1        ; higher gathering accumulator quality]]
[2020.02.17-17.19.57:638][  0]LogConfig: Setting CVar [[r.DOF.Gather.PostfilterMethod:1          ; Median3x3 postfilering method]]
[2020.02.17-17.19.57:638][  0]LogConfig: Setting CVar [[r.DOF.Gather.EnableBokehSettings:0       ; no bokeh simulation when gathering]]
[2020.02.17-17.19.57:638][  0]LogConfig: Setting CVar [[r.DOF.Gather.RingCount:4                 ; medium number of samples when gathering]]
[2020.02.17-17.19.57:638][  0]LogConfig: Setting CVar [[r.DOF.Scatter.ForegroundCompositing:1    ; additive foreground scattering]]
[2020.02.17-17.19.57:638][  0]LogConfig: Setting CVar [[r.DOF.Scatter.BackgroundCompositing:2    ; additive background scattering]]
[2020.02.17-17.19.57:638][  0]LogConfig: Setting CVar [[r.DOF.Scatter.EnableBokehSettings:1      ; bokeh simulation when scattering]]
[2020.02.17-17.19.57:638][  0]LogConfig: Setting CVar [[r.DOF.Scatter.MaxSpriteRatio:0.1         ; only a maximum of 10% of scattered bokeh]]
[2020.02.17-17.19.57:638][  0]LogConfig: Setting CVar [[r.DOF.Recombine.Quality:1                ; cheap slight out of focus]]
[2020.02.17-17.19.57:638][  0]LogConfig: Setting CVar [[r.DOF.Recombine.EnableBokehSettings:0    ; no bokeh simulation on slight out of focus]]
[2020.02.17-17.19.57:638][  0]LogConfig: Setting CVar [[r.DOF.TemporalAAQuality:1                ; more stable temporal accumulation]]
[2020.02.17-17.19.57:638][  0]LogConfig: Setting CVar [[r.DOF.Kernel.MaxForegroundRadius:0.025]]
[2020.02.17-17.19.57:638][  0]LogConfig: Setting CVar [[r.DOF.Kernel.MaxBackgroundRadius:0.025]]
[2020.02.17-17.19.57:638][  0]LogConfig: Applying CVar settings from Section [TextureQuality@3] File [C:/Users/jocow/OneDrive/Documents/Jonah Cowan/Projects/LapwingGame/Lapwing/Saved/Config/Windows/Scalability.ini]
[2020.02.17-17.19.57:638][  0]LogConfig: Setting CVar [[r.Streaming.MipBias:0]]
[2020.02.17-17.19.57:638][  0]LogConfig: Setting CVar [[r.Streaming.AmortizeCPUToGPUCopy:0]]
[2020.02.17-17.19.57:638][  0]LogConfig: Setting CVar [[r.Streaming.MaxNumTexturesToStreamPerFrame:0]]
[2020.02.17-17.19.57:638][  0]LogConfig: Setting CVar [[r.Streaming.Boost:1]]
[2020.02.17-17.19.57:638][  0]LogConfig: Setting CVar [[r.MaxAnisotropy:8]]
[2020.02.17-17.19.57:638][  0]LogConfig: Setting CVar [[r.Streaming.LimitPoolSizeToVRAM:0]]
[2020.02.17-17.19.57:638][  0]LogConfig: Setting CVar [[r.Streaming.PoolSize:1000]]
[2020.02.17-17.19.57:638][  0]LogConfig: Setting CVar [[r.Streaming.MaxEffectiveScreenSize:0]]
[2020.02.17-17.19.57:638][  0]LogConfig: Applying CVar settings from Section [EffectsQuality@3] File [C:/Users/jocow/OneDrive/Documents/Jonah Cowan/Projects/LapwingGame/Lapwing/Saved/Config/Windows/Scalability.ini]
[2020.02.17-17.19.57:639][  0]LogConfig: Setting CVar [[r.TranslucencyLightingVolumeDim:64]]
[2020.02.17-17.19.57:639][  0]LogConfig: Setting CVar [[r.RefractionQuality:2]]
[2020.02.17-17.19.57:639][  0]LogConfig: Setting CVar [[r.SSR.Quality:3]]
[2020.02.17-17.19.57:639][  0]LogConfig: Setting CVar [[r.SceneColorFormat:4]]
[2020.02.17-17.19.57:639][  0]LogConfig: Setting CVar [[r.DetailMode:2]]
[2020.02.17-17.19.57:639][  0]LogConfig: Setting CVar [[r.TranslucencyVolumeBlur:1]]
[2020.02.17-17.19.57:639][  0]LogConfig: Setting CVar [[r.MaterialQualityLevel:1 ; High quality]]
[2020.02.17-17.19.57:639][  0]LogConfig: Setting CVar [[r.SSS.Scale:1]]
[2020.02.17-17.19.57:639][  0]LogConfig: Setting CVar [[r.SSS.SampleSet:2]]
[2020.02.17-17.19.57:639][  0]LogConfig: Setting CVar [[r.SSS.Quality:1]]
[2020.02.17-17.19.57:639][  0]LogConfig: Setting CVar [[r.SSS.HalfRes:1]]
[2020.02.17-17.19.57:639][  0]LogConfig: Setting CVar [[r.EmitterSpawnRateScale:1.0]]
[2020.02.17-17.19.57:639][  0]LogConfig: Setting CVar [[r.ParticleLightQuality:2]]
[2020.02.17-17.19.57:639][  0]LogConfig: Applying CVar settings from Section [FoliageQuality@3] File [C:/Users/jocow/OneDrive/Documents/Jonah Cowan/Projects/LapwingGame/Lapwing/Saved/Config/Windows/Scalability.ini]
[2020.02.17-17.19.57:639][  0]LogConfig: Setting CVar [[foliage.DensityScale:1.0]]
[2020.02.17-17.19.57:639][  0]LogConfig: Setting CVar [[grass.DensityScale:1.0]]
[2020.02.17-17.19.57:639][  0]LogConfig: Applying CVar settings from Section [Startup] File [../../../Engine/Config/ConsoleVariables.ini]
[2020.02.17-17.19.57:639][  0]LogConfig: Setting CVar [[net.UseAdaptiveNetUpdateFrequency:0]]
[2020.02.17-17.19.57:639][  0]LogConfig: Applying CVar settings from Section [ConsoleVariables] File [C:/Users/jocow/OneDrive/Documents/Jonah Cowan/Projects/LapwingGame/Lapwing/Saved/Config/Windows/Engine.ini]
[2020.02.17-17.19.57:639][  0]LogInit: Computer: JONAH
[2020.02.17-17.19.57:639][  0]LogInit: User: jocow
[2020.02.17-17.19.57:639][  0]LogInit: CPU Page size=4096, Cores=4
[2020.02.17-17.19.57:639][  0]LogInit: High frequency timer resolution =10.000000 MHz
[2020.02.17-17.19.57:640][  0]LogMemory: Memory total: Physical=16.0GB (16GB approx)
[2020.02.17-17.19.57:640][  0]LogMemory: Platform Memory Stats for Windows
[2020.02.17-17.19.57:640][  0]LogMemory: Process Physical Memory: 103.97 MB used, 103.97 MB peak
[2020.02.17-17.19.57:640][  0]LogMemory: Process Virtual Memory: 96.54 MB used, 96.54 MB peak
[2020.02.17-17.19.57:640][  0]LogMemory: Physical Memory: 6323.59 MB used,  10027.55 MB free, 16351.14 MB total
[2020.02.17-17.19.57:640][  0]LogMemory: Virtual Memory: 4628.00 MB used,  134213096.00 MB free, 134217728.00 MB total
[2020.02.17-17.19.57:665][  0]LogInit: Using OS detected language (en-US).
[2020.02.17-17.19.57:665][  0]LogInit: Using OS detected locale (en-CA).
[2020.02.17-17.19.57:667][  0]LogTextLocalizationManager: No specific localization for 'en-US' exists, so the 'en' localization will be used.
[2020.02.17-17.19.58:125][  0]LogStreaming: Display: Took  0.460s to InitEngineTextLocalization.
[2020.02.17-17.19.58:125][  0]LogInit: Setting process to per monitor DPI aware
[2020.02.17-17.19.58:166][  0]LogSlate: New Slate User Created.  User Index 0, Is Virtual User: 0
[2020.02.17-17.19.58:166][  0]LogSlate: Slate User Registered.  User Index 0, Is Virtual User: 0
[2020.02.17-17.19.58:642][  0]LogHMD: Failed to initialize OpenVR with code 110
[2020.02.17-17.19.58:642][  0]LogD3D11RHI: D3D11 adapters:
[2020.02.17-17.19.58:739][  0]LogD3D11RHI:    0. 'NVIDIA GeForce GTX 1060 3GB' (Feature Level 11_0)
[2020.02.17-17.19.58:739][  0]LogD3D11RHI:       2988/0/8175 MB DedicatedVideo/DedicatedSystem/SharedSystem, Outputs:2, VendorId:0x10de
[2020.02.17-17.19.58:743][  0]LogD3D11RHI:    1. 'Microsoft Basic Render Driver' (Feature Level 11_0)
[2020.02.17-17.19.58:743][  0]LogD3D11RHI:       0/0/8175 MB DedicatedVideo/DedicatedSystem/SharedSystem, Outputs:0, VendorId:0x1414
[2020.02.17-17.19.58:743][  0]LogD3D11RHI: Chosen D3D11 Adapter: 0
[2020.02.17-17.19.58:750][  0]LogD3D11RHI: Creating new Direct3DDevice
[2020.02.17-17.19.58:750][  0]LogD3D11RHI:     GPU DeviceId: 0x1c02 (for the marketing name, search the web for "GPU Device Id")
[2020.02.17-17.19.58:750][  0]LogWindows: EnumDisplayDevices:
[2020.02.17-17.19.58:750][  0]LogWindows:    0. 'NVIDIA GeForce GTX 1060 3GB' (P:1 D:1)
[2020.02.17-17.19.58:751][  0]LogWindows:    1. 'NVIDIA GeForce GTX 1060 3GB' (P:0 D:1)
[2020.02.17-17.19.58:752][  0]LogWindows:    2. 'NVIDIA GeForce GTX 1060 3GB' (P:0 D:0)
[2020.02.17-17.19.58:752][  0]LogWindows:    3. 'NVIDIA GeForce GTX 1060 3GB' (P:0 D:0)
[2020.02.17-17.19.58:752][  0]LogWindows: DebugString: FoundDriverCount:4 
[2020.02.17-17.19.58:752][  0]LogD3D11RHI:     Adapter Name: NVIDIA GeForce GTX 1060 3GB
[2020.02.17-17.19.58:753][  0]LogD3D11RHI:   Driver Version: 442.19 (internal:26.21.14.4219, unified:442.19)
[2020.02.17-17.19.58:753][  0]LogD3D11RHI:      Driver Date: 1-29-2020
[2020.02.17-17.19.58:753][  0]LogRHI: Texture pool is 2091 MB (70% of 2988 MB)
[2020.02.17-17.19.58:838][  0]LogD3D11RHI: Async texture creation enabled
[2020.02.17-17.19.58:854][  0]LogD3D11RHI: GPU Timing Frequency: 1000.000000 (Debug: 2 1)
[2020.02.17-17.19.59:289][  0]LogTemp: Display: Loaded TP AllDesktopTargetPlatform
[2020.02.17-17.19.59:305][  0]LogTemp: Display: Loaded TP MacClientTargetPlatform
[2020.02.17-17.19.59:321][  0]LogTemp: Display: Loaded TP MacNoEditorTargetPlatform
[2020.02.17-17.19.59:337][  0]LogTemp: Display: Loaded TP MacServerTargetPlatform
[2020.02.17-17.19.59:355][  0]LogTemp: Display: Loaded TP MacTargetPlatform
[2020.02.17-17.19.59:372][  0]LogTemp: Display: Loaded TP WindowsClientTargetPlatform
[2020.02.17-17.19.59:389][  0]LogTemp: Display: Loaded TP WindowsNoEditorTargetPlatform
[2020.02.17-17.19.59:406][  0]LogTemp: Display: Loaded TP WindowsServerTargetPlatform
[2020.02.17-17.19.59:413][  0]LogTemp: Display: Loaded TP WindowsTargetPlatform
[2020.02.17-17.19.59:515][  0]LogTemp: Display: Loaded TP AndroidTargetPlatform
[2020.02.17-17.19.59:515][  0]LogTemp: Display: Loaded TP AndroidTargetPlatform
[2020.02.17-17.19.59:515][  0]LogTemp: Display: Loaded TP AndroidTargetPlatform
[2020.02.17-17.19.59:515][  0]LogTemp: Display: Loaded TP AndroidTargetPlatform
[2020.02.17-17.19.59:515][  0]LogTemp: Display: Loaded TP AndroidTargetPlatform
[2020.02.17-17.19.59:515][  0]LogTemp: Display: Loaded TP AndroidTargetPlatform
[2020.02.17-17.19.59:515][  0]LogTemp: Display: Loaded TP AndroidTargetPlatform
[2020.02.17-17.19.59:515][  0]LogTemp: Display: Loaded TP AndroidTargetPlatform
[2020.02.17-17.19.59:515][  0]LogTemp: Display: Loaded TP AndroidTargetPlatform
[2020.02.17-17.19.59:515][  0]LogTemp: Display: Loaded TP AndroidTargetPlatform
[2020.02.17-17.19.59:515][  0]LogTemp: Display: Loaded TP AndroidTargetPlatform
[2020.02.17-17.19.59:515][  0]LogTemp: Display: Loaded TP AndroidTargetPlatform
[2020.02.17-17.19.59:515][  0]LogTemp: Display: Loaded TP AndroidTargetPlatform
[2020.02.17-17.19.59:515][  0]LogTemp: Display: Loaded TP AndroidTargetPlatform
[2020.02.17-17.19.59:515][  0]LogTemp: Display: Loaded TP AndroidTargetPlatform
[2020.02.17-17.19.59:515][  0]LogTemp: Display: Loaded TP AndroidTargetPlatform
[2020.02.17-17.19.59:515][  0]LogTemp: Display: Loaded TP AndroidTargetPlatform
[2020.02.17-17.19.59:515][  0]LogTemp: Display: Loaded TP AndroidTargetPlatform
[2020.02.17-17.19.59:517][  0]LogTemp: Display: Loaded TP HTML5TargetPlatform
[2020.02.17-17.19.59:584][  0]LogTemp: Display: Loaded TP IOSTargetPlatform
[2020.02.17-17.19.59:584][  0]LogTemp: Display: Loaded TP IOSTargetPlatform
[2020.02.17-17.19.59:616][  0]LogTemp: Display: Loaded TP TVOSTargetPlatform
[2020.02.17-17.19.59:616][  0]LogTemp: Display: Loaded TP TVOSTargetPlatform
[2020.02.17-17.19.59:633][  0]LogTemp: Display: Loaded TP LinuxClientTargetPlatform
[2020.02.17-17.19.59:649][  0]LogTemp: Display: Loaded TP LinuxNoEditorTargetPlatform
[2020.02.17-17.19.59:665][  0]LogTemp: Display: Loaded TP LinuxServerTargetPlatform
[2020.02.17-17.19.59:683][  0]LogTemp: Display: Loaded TP LinuxTargetPlatform
[2020.02.17-17.19.59:742][  0]LogTemp: Display: Loaded TP LuminTargetPlatform
[2020.02.17-17.19.59:742][  0]LogTemp: Display: Loaded TP LuminTargetPlatform
[2020.02.17-17.19.59:743][  0]LogTargetPlatformManager: Display: Building Assets For Windows
[2020.02.17-17.19.59:801][  0]LogShaderCompilers: Guid format shader working directory is -29 characters bigger than the processId version (C:/Users/jocow/OneDrive/Documents/Jonah Cowan/Projects/LapwingGame/Lapwing/Intermediate/Shaders/WorkingDirectory/20272/).
[2020.02.17-17.19.59:801][  0]LogShaderCompilers: Cleaned the shader compiler working directory 'C:/Users/jocow/AppData/Local/Temp/UnrealShaderWorkingDir/8D12AF124A51857572D58683691FB6F5/'.
[2020.02.17-17.19.59:803][  0]LogXGEController: Cannot use XGE Controller as Incredibuild is not installed on this machine.
[2020.02.17-17.19.59:803][  0]LogShaderCompilers: Cannot use XGE Shader Compiler as Incredibuild is not installed on this machine.
[2020.02.17-17.19.59:803][  0]LogShaderCompilers: Display: Using Local Shader Compiler.
[2020.02.17-17.20.00:533][  0]LogDerivedDataCache: Display: Max Cache Size: 512 MB
[2020.02.17-17.20.00:592][  0]LogDerivedDataCache: Loaded boot cache 0.06s 71MB C:/Users/jocow/AppData/Local/UnrealEngine/4.21/DerivedDataCache/Boot.ddc.
[2020.02.17-17.20.00:592][  0]LogDerivedDataCache: Display: Loaded Boot cache: C:/Users/jocow/AppData/Local/UnrealEngine/4.21/DerivedDataCache/Boot.ddc
[2020.02.17-17.20.00:593][  0]LogDerivedDataCache: FDerivedDataBackendGraph:  Pak pak cache file C:/Users/jocow/OneDrive/Documents/Jonah Cowan/Projects/LapwingGame/Lapwing/DerivedDataCache/DDC.ddp not found, will not use a pak cache.
[2020.02.17-17.20.00:593][  0]LogDerivedDataCache: Unable to find inner node Pak for hierarchical cache Hierarchy.
[2020.02.17-17.20.00:593][  0]LogDerivedDataCache: FDerivedDataBackendGraph:  CompressedPak pak cache file C:/Users/jocow/OneDrive/Documents/Jonah Cowan/Projects/LapwingGame/Lapwing/DerivedDataCache/Compressed.ddp not found, will not use a pak cache.
[2020.02.17-17.20.00:593][  0]LogDerivedDataCache: Unable to find inner node CompressedPak for hierarchical cache Hierarchy.
[2020.02.17-17.20.00:612][  0]LogDerivedDataCache: Display: Pak cache opened for reading ../../../Engine/DerivedDataCache/Compressed.ddp.
[2020.02.17-17.20.00:613][  0]LogDerivedDataCache: FDerivedDataBackendGraph:  EnterprisePak pak cache file ../../../Enterprise/DerivedDataCache/Compressed.ddp not found, will not use a pak cache.
[2020.02.17-17.20.00:613][  0]LogDerivedDataCache: Unable to find inner node EnterprisePak for hierarchical cache Hierarchy.
[2020.02.17-17.20.00:625][  0]LogDerivedDataCache: Using Local data cache path C:/Users/jocow/AppData/Local/UnrealEngine/Common/DerivedDataCache: Writable
[2020.02.17-17.20.00:625][  0]LogDerivedDataCache: Shared data cache path not found in *engine.ini, will not use an Shared cache.
[2020.02.17-17.20.00:625][  0]LogDerivedDataCache: Unable to find inner node Shared for hierarchical cache Hierarchy.
[2020.02.17-17.20.00:654][  0]LogMaterial: Verifying Global Shaders for PCD3D_SM5
[2020.02.17-17.20.00:656][  0]LogSlate: Using FreeType 2.6.0
[2020.02.17-17.20.00:657][  0]LogSlate: SlateFontServices - WITH_FREETYPE: 1, WITH_HARFBUZZ: 1
[2020.02.17-17.20.00:779][  0]LogAssetRegistry: FAssetRegistry took 0.0374 seconds to start up
[2020.02.17-17.20.01:234][  0]LogInit: Selected Device Profile: [Windows]
[2020.02.17-17.20.01:433][  0]LogSimplygon: Simplygon DLL not present - disabling.
[2020.02.17-17.20.01:437][  0]LogMeshReduction: Using SimplygonSwarm for distributed automatic mesh merging
[2020.02.17-17.20.01:437][  0]LogMeshReduction: Using ProxyLODMeshReduction for automatic mesh merging
[2020.02.17-17.20.01:437][  0]LogMeshReduction: Using QuadricMeshReduction for automatic static mesh reduction
[2020.02.17-17.20.01:437][  0]LogMeshReduction: No automatic skeletal mesh reduction module available
[2020.02.17-17.20.01:454][  0]LogNetVersion: Lapwing 1.0.0, NetCL: 4541578, EngineNetVer: 5, GameNetVer: 0 (Checksum: 382749890)
[2020.02.17-17.20.02:305][  0]LogPackageLocalizationCache: Processed 11 localized package path(s) for 2 prioritized culture(s) in 0.282245 seconds
[2020.02.17-17.20.02:312][  0]LogUObjectArray: 39775 objects as part of root set at end of initial load.
[2020.02.17-17.20.02:312][  0]LogUObjectAllocator: 6914664 out of 0 bytes used by permanent object pool.
[2020.02.17-17.20.02:312][  0]LogUObjectArray: CloseDisregardForGC: 0/0 objects in disregard for GC pool
[2020.02.17-17.20.03:560][  0]LogTcpMessaging: Initializing TcpMessaging bridge
[2020.02.17-17.20.03:573][  0]LogUdpMessaging: Initializing bridge on interface 0.0.0.0:0 to multicast group 230.0.0.1:6666.
[2020.02.17-17.20.04:624][  0]SourceControl: Source control is disabled
[2020.02.17-17.20.04:624][  0]SourceControl: Source control is disabled
[2020.02.17-17.20.04:626][  0]SourceControl: Source control is disabled
[2020.02.17-17.20.04:627][  0]SourceControl: Source control is disabled
[2020.02.17-17.20.04:815][  0]LogAndroidPermission: UAndroidPermissionCallbackProxy::GetInstance
[2020.02.17-17.20.04:974][  0]LogOcInput: OculusInput pre-init called
[2020.02.17-17.20.05:121][  0]LogEngine: Initializing Engine...
[2020.02.17-17.20.05:122][  0]LogHMD: Failed to initialize OpenVR with code 110
[2020.02.17-17.20.05:124][  0]LogStats: UGameplayTagsManager::ConstructGameplayTagTree: ImportINI prefixes -  0.000 s
[2020.02.17-17.20.05:124][  0]LogStats: UGameplayTagsManager::ConstructGameplayTagTree: Construct from data asset -  0.000 s
[2020.02.17-17.20.05:124][  0]LogStats: UGameplayTagsManager::ConstructGameplayTagTree: ImportINI -  0.000 s
[2020.02.17-17.20.05:124][  0]LogStats: UGameplayTagsManager::ConstructGameplayTagTree: GameplayTagTreeChangedEvent.Broadcast -  0.000 s
[2020.02.17-17.20.05:426][  0]LogInit: Initializing FReadOnlyCVARCache
[2020.02.17-17.20.05:439][  0]LogAIModule: Creating AISystem for world Untitled
[2020.02.17-17.20.05:486][  0]LogInit: XAudio2 using 'Speakers (Realtek High Definition Audio)' : 2 channels at 48 kHz using 32 bits per sample (channel mask 0x3)
[2020.02.17-17.20.05:525][  0]LogInit: FAudioDevice initialized.
[2020.02.17-17.20.05:525][  0]LogNetVersion: Set ProjectVersion to 1.0.0.0. Version Checksum will be recalculated on next use.
[2020.02.17-17.20.05:724][  0]LogDerivedDataCache: Saved boot cache 0.20s 71MB C:/Users/jocow/AppData/Local/UnrealEngine/4.21/DerivedDataCache/Boot.ddc.
[2020.02.17-17.20.05:727][  0]LogInit: Texture streaming: Enabled
[2020.02.17-17.20.05:745][  0]LogEngineSessionManager: EngineSessionManager initialized
[2020.02.17-17.20.05:780][  0]LogInit: Transaction tracking system initialized
[2020.02.17-17.20.05:802][  0]BlueprintLog: New page: Editor Load
[2020.02.17-17.20.05:877][  0]LocalizationService: Localization service is disabled
[2020.02.17-17.20.06:412][  0]LogFileCache: Scanning file cache for directory 'C:/Users/jocow/OneDrive/Documents/Jonah Cowan/Projects/LapwingGame/Lapwing/Content/' took 0.02s
[2020.02.17-17.20.06:412][  0]LogCook: Display: Max memory allowance for cook 16384mb min free memory 0mb
[2020.02.17-17.20.06:412][  0]LogCook: Display: Mobile HDR setting 1
[2020.02.17-17.20.06:413][  0]LogGameplayTags: Display: UGameplayTagsManager::DoneAddingNativeTags. DelegateIsBound: 0
[2020.02.17-17.20.06:413][  0]LogStats: UGameplayTagsManager::ConstructGameplayTagTree: ImportINI prefixes -  0.000 s
[2020.02.17-17.20.06:413][  0]LogStats: UGameplayTagsManager::ConstructGameplayTagTree: Construct from data asset -  0.000 s
[2020.02.17-17.20.06:413][  0]LogStats: UGameplayTagsManager::ConstructGameplayTagTree: ImportINI -  0.000 s
[2020.02.17-17.20.06:413][  0]LogStats: UGameplayTagsManager::ConstructGameplayTagTree: GameplayTagTreeChangedEvent.Broadcast -  0.000 s
[2020.02.17-17.20.06:549][  0]SourceControl: Source control is disabled
[2020.02.17-17.20.06:549][  0]Cmd: MAP LOAD FILE="C:/Users/jocow/OneDrive/Documents/Jonah Cowan/Projects/LapwingGame/Lapwing/Content/Levels/Test.umap" TEMPLATE=0 SHOWPROGRESS=1 FEATURELEVEL=3
[2020.02.17-17.20.06:550][  0]LightingResults: New page: Lighting Build
[2020.02.17-17.20.06:552][  0]MapCheck: New page: Map Check
[2020.02.17-17.20.06:552][  0]LightingResults: New page: Lighting Build
[2020.02.17-17.20.10:688][  0]LogAIModule: Creating AISystem for world Test
[2020.02.17-17.20.10:698][  0]LogEditorServer: Finished looking for orphan Actors (0.000 secs)
[2020.02.17-17.20.10:726][  0]Cmd: MAP CHECKDEP NOCLEARLOG
[2020.02.17-17.20.10:726][  0]MapCheck: Map check complete: 0 Error(s), 0 Warning(s), took 0.224ms to complete.
[2020.02.17-17.20.10:726][  0]LogFileHelpers: Loading map 'Test' took 4.176
[2020.02.17-17.20.11:004][  0]LogCollectionManager: Loaded 0 collections in 0.001328 seconds
[2020.02.17-17.20.11:112][  0]LogFileCache: Scanning file cache for directory 'C:/Users/jocow/OneDrive/Documents/Jonah Cowan/Projects/LapwingGame/Lapwing/Saved/Collections/' took 0.01s
[2020.02.17-17.20.11:112][  0]LogFileCache: Scanning file cache for directory 'C:/Users/jocow/OneDrive/Documents/Jonah Cowan/Projects/LapwingGame/Lapwing/Content/Developers/jocow/Collections/' took 0.00s
[2020.02.17-17.20.11:112][  0]LogFileCache: Scanning file cache for directory 'C:/Users/jocow/OneDrive/Documents/Jonah Cowan/Projects/LapwingGame/Lapwing/Content/Collections/' took 0.00s
[2020.02.17-17.20.11:112][  0]LogCollectionManager: Rebuilt the GUID cache for 0 collections in 0.000001 seconds
[2020.02.17-17.20.11:126][  0]LogContentBrowser: Native class hierarchy populated in 0.0121 seconds. Added 2651 classes and 620 folders.
[2020.02.17-17.20.11:172][  0]LogContentBrowser: Native class hierarchy updated for 'WidgetCarousel' in 0.0003 seconds. Added 0 classes and 0 folders.
[2020.02.17-17.20.11:265][  0]LogPakFile: Registered encryption key '00000000000000000000000000000000': 0 pak files mounted, 0 remain pending
[2020.02.17-17.20.11:332][  0]LogPakFile: Registered encryption key '00000000000000000000000000000000': 0 pak files mounted, 0 remain pending
[2020.02.17-17.20.11:336][  0]LogPakFile: Registered encryption key '00000000000000000000000000000000': 0 pak files mounted, 0 remain pending
[2020.02.17-17.20.11:340][  0]LogPakFile: Registered encryption key '00000000000000000000000000000000': 0 pak files mounted, 0 remain pending
[2020.02.17-17.20.11:344][  0]LogPakFile: Registered encryption key '00000000000000000000000000000000': 0 pak files mounted, 0 remain pending
[2020.02.17-17.20.11:348][  0]LogPakFile: Registered encryption key '00000000000000000000000000000000': 0 pak files mounted, 0 remain pending
[2020.02.17-17.20.11:352][  0]LogPakFile: Registered encryption key '00000000000000000000000000000000': 0 pak files mounted, 0 remain pending
[2020.02.17-17.20.11:374][  0]LogPakFile: Registered encryption key '00000000000000000000000000000000': 0 pak files mounted, 0 remain pending
[2020.02.17-17.20.11:378][  0]LogPakFile: Registered encryption key '00000000000000000000000000000000': 0 pak files mounted, 0 remain pending
[2020.02.17-17.20.11:382][  0]LogPakFile: Registered encryption key '00000000000000000000000000000000': 0 pak files mounted, 0 remain pending
[2020.02.17-17.20.11:386][  0]LogPakFile: Registered encryption key '00000000000000000000000000000000': 0 pak files mounted, 0 remain pending
[2020.02.17-17.20.11:390][  0]LogPakFile: Registered encryption key '00000000000000000000000000000000': 0 pak files mounted, 0 remain pending
[2020.02.17-17.20.11:394][  0]LogPakFile: Registered encryption key '00000000000000000000000000000000': 0 pak files mounted, 0 remain pending
[2020.02.17-17.20.11:398][  0]LogPakFile: Registered encryption key '00000000000000000000000000000000': 0 pak files mounted, 0 remain pending
[2020.02.17-17.20.11:402][  0]LogPakFile: Registered encryption key '00000000000000000000000000000000': 0 pak files mounted, 0 remain pending
[2020.02.17-17.20.11:406][  0]LogPakFile: Registered encryption key '00000000000000000000000000000000': 0 pak files mounted, 0 remain pending
[2020.02.17-17.20.11:410][  0]LogPakFile: Registered encryption key '00000000000000000000000000000000': 0 pak files mounted, 0 remain pending
[2020.02.17-17.20.11:414][  0]LogPakFile: Registered encryption key '00000000000000000000000000000000': 0 pak files mounted, 0 remain pending
[2020.02.17-17.20.11:418][  0]LogPakFile: Registered encryption key '00000000000000000000000000000000': 0 pak files mounted, 0 remain pending
[2020.02.17-17.20.11:422][  0]LogPakFile: Registered encryption key '00000000000000000000000000000000': 0 pak files mounted, 0 remain pending
[2020.02.17-17.20.11:426][  0]LogPakFile: Registered encryption key '00000000000000000000000000000000': 0 pak files mounted, 0 remain pending
[2020.02.17-17.20.11:430][  0]LogPakFile: Registered encryption key '00000000000000000000000000000000': 0 pak files mounted, 0 remain pending
[2020.02.17-17.20.11:434][  0]LogPakFile: Registered encryption key '00000000000000000000000000000000': 0 pak files mounted, 0 remain pending
[2020.02.17-17.20.11:439][  0]LogPakFile: Registered encryption key '00000000000000000000000000000000': 0 pak files mounted, 0 remain pending
[2020.02.17-17.20.11:443][  0]LogPakFile: Registered encryption key '00000000000000000000000000000000': 0 pak files mounted, 0 remain pending
[2020.02.17-17.20.11:447][  0]LogPakFile: Registered encryption key '00000000000000000000000000000000': 0 pak files mounted, 0 remain pending
[2020.02.17-17.20.12:279][  0]LogContentBrowser: Native class hierarchy updated for 'AddContentDialog' in 0.0003 seconds. Added 0 classes and 0 folders.
[2020.02.17-17.20.12:508][  0]LogSlate: Updating window title bar state: overlay mode, drag disabled, window buttons hidden, title bar hidden
[2020.02.17-17.20.12:519][  0]LogSlate: Updating window title bar state: overlay mode, drag disabled, window buttons hidden, title bar hidden
[2020.02.17-17.20.12:530][  0]LogSlate: Updating window title bar state: overlay mode, drag disabled, window buttons hidden, title bar hidden
[2020.02.17-17.20.12:540][  0]LogSlate: Updating window title bar state: overlay mode, drag disabled, window buttons hidden, title bar hidden
[2020.02.17-17.20.12:596][  0]LogContentBrowser: Native class hierarchy updated for 'SceneOutliner' in 0.0004 seconds. Added 1 classes and 2 folders.
[2020.02.17-17.20.12:890][  0]LogSlate: Took 0.000316 seconds to synchronously load lazily loaded font '../../../Engine/Content/Slate/Fonts/Roboto-Regular.ttf' (155K)
[2020.02.17-17.20.12:892][  0]LogSlate: Took 0.000255 seconds to synchronously load lazily loaded font '../../../Engine/Content/Slate/Fonts/Roboto-Bold.ttf' (160K)
[2020.02.17-17.20.12:906][  0]LogSlate: Took 0.012384 seconds to synchronously load lazily loaded font '../../../Engine/Content/Editor/Slate/Fonts/FontAwesome.ttf' (139K)
[2020.02.17-17.20.12:965][  0]LogSlate: Took 0.029313 seconds to synchronously load lazily loaded font '../../../Engine/Content/Slate/Fonts/DroidSansMono.ttf' (77K)
[2020.02.17-17.20.13:378][  0]LogRenderer: Reallocating scene render targets to support 1516x752 Format 10 NumSamples 1 (Frame:1).
[2020.02.17-17.20.13:628][  0]LogContentBrowser: Native class hierarchy updated for 'HierarchicalLODOutliner' in 0.0004 seconds. Added 0 classes and 0 folders.
[2020.02.17-17.20.13:628][  0]LogLoad: (Engine Initialization) Total time: 19.54 seconds
[2020.02.17-17.20.13:628][  0]LogLoad: (Engine Initialization) Total Blueprint compile time: 0.00 seconds
[2020.02.17-17.20.13:688][  0]LogContentStreaming: Texture pool size now 1000 MB
[2020.02.17-17.20.13:955][  2]LogAssetRegistry: Asset discovery search completed in 13.1984 seconds
[2020.02.17-17.20.13:958][  2]LogCollectionManager: Rebuilt the object cache for 0 collections in 0.000001 seconds (found 0 objects)
[2020.02.17-17.20.13:958][  2]LogCollectionManager: Fixed up redirectors for 0 collections in 0.000314 seconds (updated 0 objects)
[2020.02.17-17.20.16:276][ 82]LogSlate: Took 0.009436 seconds to synchronously load lazily loaded font '../../../Engine/Content/Slate/Fonts/Roboto-Light.ttf' (167K)
[2020.02.17-17.20.16:288][ 82]LogSlate: FSceneViewport::OnFocusLost() reason 2
[2020.02.17-17.20.16:294][ 82]LogAssetEditorManager: Opening Asset editor for Blueprint /Game/Blueprints/PlayerCharacterBP.PlayerCharacterBP
[2020.02.17-17.20.17:506][ 82]LogContentBrowser: Native class hierarchy updated for 'BlueprintGraph' in 0.0007 seconds. Added 117 classes and 0 folders.
[2020.02.17-17.20.19:316][ 82]LogSlate: Took 0.009495 seconds to synchronously load lazily loaded font '../../../Engine/Content/Slate/Fonts/Roboto-BoldCondensed.ttf' (158K)
[2020.02.17-17.20.19:343][ 82]LogSlate: Took 0.000346 seconds to synchronously load lazily loaded font '../../../Engine/Content/Slate/Fonts/Roboto-Light.ttf' (167K)
[2020.02.17-17.20.19:966][ 83]LogSlate: Took 0.003610 seconds to synchronously load lazily loaded font '../../../Engine/Content/Slate/Fonts/Roboto-Italic.ttf' (157K)
[2020.02.17-17.20.22:093][290]LogSlate: Window 'PlayerCharacterBP' being destroyed
[2020.02.17-17.20.22:098][290]LogSlate: Window 'PlayerCharacterBP' being destroyed
[2020.02.17-17.20.23:179][397]LogSlate: FSceneViewport::OnFocusLost() reason 0
[2020.02.17-17.20.33:864][552]MapCheck: New page: Map Check
[2020.02.17-17.20.33:888][552]Cmd: MAP REBUILD ALLVISIBLE
[2020.02.17-17.20.33:888][552]LogEditorServer: Rebuildmap Clear paths rebuilt
[2020.02.17-17.20.35:233][552]LogMaterial: Display: Missing cached shader map for material FDebugViewModeMaterialProxy DefaultMaterial, compiling. 
[2020.02.17-17.20.35:346][552]LogShaderCompilers: Display: Shaders left to compile 1
[2020.02.17-17.20.35:347][552]LogMaterial: Display: Missing cached shader map for material FDebugViewModeMaterialProxy MaterialInstanceDynamic_0, compiling. 
[2020.02.17-17.20.35:396][552]LogShaderCompilers: Display: Shaders left to compile 1
[2020.02.17-17.20.35:396][552]LogMaterial: Display: Missing cached shader map for material FDebugViewModeMaterialProxy WorldGridMaterial, compiling. Is special engine material.
[2020.02.17-17.20.35:450][552]LogShaderCompilers: Display: Shaders left to compile 1
[2020.02.17-17.20.35:450][552]LogMaterial: Display: Missing cached shader map for material FDebugViewModeMaterialProxy BasicShapeMaterial, compiling. 
[2020.02.17-17.20.36:884][552]LogShaderCompilers: Display: Shaders left to compile 1
[2020.02.17-17.20.36:884][552]TextureStreamingBuild: Display: Compiling optional shaders took 1.697 seconds.
[2020.02.17-17.20.36:912][552]LogLevel: Display: Export Material TexCoord Scales took 0.027 seconds.
[2020.02.17-17.20.36:932][552]TextureStreamingBuild: Display: Build Texture Streaming took 0.020 seconds.
[2020.02.17-17.20.36:989][552]LightingResults: New page: Lighting Build - Feb 17, 2020, 3:20:36 AM
[2020.02.17-17.20.37:267][552]LogSwarmInterface: [OpenConnection] Registering TCP channel ...
[2020.02.17-17.20.37:420][552]LogSwarmInterface: [OpenConnection] Connecting to agent ...
[2020.02.17-17.20.37:591][552]LogSwarmInterface: [TryOpenConnection] Testing the Agent
[2020.02.17-17.20.39:767][552]LogSwarmInterface: [TryOpenConnection] Opening Connection to Agent
[2020.02.17-17.20.39:767][552]LogSwarmInterface: [TryOpenConnection] Local Process ID is 20272
[2020.02.17-17.20.47:208][552]LightingResults: Warning: No importance volume found and the scene is so large that the automatically synthesized volume will not yield good results.  Please add a tightly bounding lightmass importance volume to optimize your scene's quality and lighting build times.
[2020.02.17-17.20.47:220][552]LogStaticLightingSystem: Running Lightmass w/ ImmediateImport mode ENABLED
[2020.02.17-17.20.47:221][552]LogStaticLightingSystem: Running Lightmass w/ ImmediateProcess mode ENABLED
[2020.02.17-17.20.47:221][552]LogStaticLightingSystem: Running Lightmass w/ Sorting mode ENABLED
[2020.02.17-17.20.47:221][552]LogStaticLightingSystem: Running Lightmass w/ Mapping paddings ENABLED
[2020.02.17-17.20.47:221][552]LogStaticLightingSystem: Running Lightmass w/ Mapping debug paddings DISABLED
[2020.02.17-17.20.47:780][552]Cmd: MAP CHECK DONTDISPLAYDIALOG
[2020.02.17-17.20.47:781][552]MapCheck: New page: Test - Feb 17, 2020, 3:20:47 AM
[2020.02.17-17.20.47:824][552]MapCheck: Map check complete: 0 Error(s), 0 Warning(s), took 43.224ms to complete.
[2020.02.17-17.20.47:848][552]LogEditorBuildUtils: Build time 0:13
[2020.02.17-17.21.01:062][588]Job is a success!
[2020.02.17-17.21.02:150][589]LogVolumetricLightmapImport: Imported Volumetric Lightmap in 0.648s
[2020.02.17-17.21.02:150][589]LogVolumetricLightmapImport:      Indirection Texture 32x32x32 = 0.1Mb
[2020.02.17-17.21.02:150][589]LogVolumetricLightmapImport:      BrickData 1195x5x5 = 1.1Mb (trimmed 0.1Mb due to 0.010000 MinBrickError)
[2020.02.17-17.21.02:151][589]LogVolumetricLightmapImport:      Bricks at Level
[2020.02.17-17.21.02:151][589]LogVolumetricLightmapImport:          0: 3.3% covering 100.0% of volume
[2020.02.17-17.21.02:151][589]LogVolumetricLightmapImport:          1: 23.8% covering 11.1% of volume
[2020.02.17-17.21.02:151][589]LogVolumetricLightmapImport:          2: 72.8% covering 0.5% of volume
[2020.02.17-17.21.03:965][589]LogTexture: Display: Building textures: LQ_Lightmap_1_1 (DXT1, 1024X1024)
[2020.02.17-17.21.03:965][589]LogTexture: Display: Building textures: HQ_Lightmap1_1 (AutoDXT, 1024X1024)
[2020.02.17-17.21.03:965][589]LogTexture: Display: Building textures: HQ_Lightmap1_2 (AutoDXT, 256X256)
[2020.02.17-17.21.03:965][589]LogTexture: Display: Building textures: LQ_Lightmap_1_2 (DXT1, 256X256)
[2020.02.17-17.21.03:966][589]LogTexture: Display: Building textures: LQ_Lightmap_0_3 (DXT1, 256X256)
[2020.02.17-17.21.03:966][589]LogTexture: Display: Building textures: HQ_Lightmap0_3 (AutoDXT, 256X256)
[2020.02.17-17.21.03:966][589]LogTexture: Display: Building textures: HQ_Lightmap0_4 (AutoDXT, 256X256)
[2020.02.17-17.21.03:966][589]LogTexture: Display: Building textures: HQ_Lightmap0_5 (AutoDXT, 256X256)
[2020.02.17-17.21.03:966][589]LogTexture: Display: Building textures: LQ_Lightmap_0_4 (DXT1, 256X256)
[2020.02.17-17.21.03:967][589]LogTexture: Display: Building textures: HQ_Lightmap0_6 (AutoDXT, 256X256)
[2020.02.17-17.21.03:967][589]LogTexture: Display: Building textures: LQ_Lightmap_0_5 (DXT1, 256X256)
[2020.02.17-17.21.03:967][589]LogTexture: Display: Building textures: HQ_Lightmap1_7 (AutoDXT, 128X128)
[2020.02.17-17.21.03:967][589]LogTexture: Display: Building textures: LQ_Lightmap_0_6 (DXT1, 256X256)
[2020.02.17-17.21.03:967][589]LogTexture: Display: Building textures: HQ_Lightmap1_8 (AutoDXT, 64X64)
[2020.02.17-17.21.03:968][589]LogTexture: Display: Building textures: LQ_Lightmap_1_8 (DXT1, 64X64)
[2020.02.17-17.21.03:968][589]LogTexture: Display: Building textures: LQ_Lightmap_1_7 (DXT1, 128X128)
[2020.02.17-17.21.04:177][589]LogTexture: Display: Building textures: ShadowMapTexture2D_4 (G8, 128X128)
[2020.02.17-17.21.04:177][589]LogTexture: Display: Building textures: ShadowMapTexture2D_3 (G8, 128X128)
[2020.02.17-17.21.04:177][589]LogTexture: Display: Building textures: ShadowMapTexture2D_5 (G8, 128X128)
[2020.02.17-17.21.04:177][589]LogTexture: Display: Building textures: ShadowMapTexture2D_6 (G8, 128X128)
[2020.02.17-17.21.04:178][589]LogTexture: Display: Building textures: ShadowMapTexture2D_15 (G8, 32X32)
[2020.02.17-17.21.04:178][589]LogTexture: Display: Building textures: ShadowMapTexture2D_2 (G8, 512X1024)
[2020.02.17-17.21.04:216][589]LogTexture: Display: Building textures: ShadowMapTexture2D_7 (G8, 128X128)
[2020.02.17-17.21.04:216][589]LogTexture: Display: Building textures: ShadowMapTexture2D_14 (G8, 64X64)
[2020.02.17-17.21.04:400][589]Lightmass on JONAH: 14.0 sec total, 352 ms importing, 21 ms setup, 3.05 sec photons, 10.5 sec processing, 0 ms extra exporting [303/303 mappings]. Threads: 42.2 sec total, 9.58 sec processing.
[2020.02.17-17.21.05:801][589]LogStaticLightingSystem: Illumination: 28.4 sec (1.61 sec encoding lightmaps, 245 ms encoding shadowmaps)
[2020.02.17-17.21.05:801][589]LogStaticLightingSystem: Lightmap texture memory:  2.7 MB (0.7 MB streaming, 2.0 MB non-streaming), 16 textures
[2020.02.17-17.21.05:802][589]LogStaticLightingSystem: Shadowmap texture memory: 0.8 MB (0.1 MB streaming, 0.7 MB non-streaming), 8 textures
[2020.02.17-17.21.12:247][589]DumpUnbuiltLightIteractions
[2020.02.17-17.21.12:247][589]Lights with unbuilt interactions: 0
[2020.02.17-17.21.12:247][589]
[2020.02.17-17.21.12:247][589]Primitives with unbuilt interactions: 0
[2020.02.17-17.21.12:396][590]Cmd: MAP CHECK NOTIFYRESULTS
[2020.02.17-17.21.12:396][590]MapCheck: New page: Test - Feb 17, 2020, 3:21:12 AM
[2020.02.17-17.21.12:398][590]MapCheck: Map check complete: 0 Error(s), 0 Warning(s), took 1.752ms to complete.
[2020.02.17-17.21.43:793][684]LogSlate: Window 'Message Log' being destroyed
[2020.02.17-17.21.43:797][684]LogSlate: Window 'Message Log' being destroyed
[2020.02.17-17.21.49:033][143]Cmd: OBJ SAVEPACKAGE PACKAGE="/Game/Levels/Test" FILE="C:/Users/jocow/OneDrive/Documents/Jonah Cowan/Projects/LapwingGame/Lapwing/Content/Levels/Test.umap" SILENT=true AUTOSAVING=false KEEPDIRTY=false
[2020.02.17-17.21.49:557][143]LogSavePackage: Moving 'C:/Users/jocow/OneDrive/Documents/Jonah Cowan/Projects/LapwingGame/Lapwing/Saved/Test16D4866E46B2F7D862CCFEBE0AB9657C.tmp' to 'C:/Users/jocow/OneDrive/Documents/Jonah Cowan/Projects/LapwingGame/Lapwing/Content/Levels/Test.umap'
[2020.02.17-17.21.49:623][143]Cmd: OBJ SAVEPACKAGE PACKAGE="/Game/Levels/Test_BuiltData" FILE="C:/Users/jocow/OneDrive/Documents/Jonah Cowan/Projects/LapwingGame/Lapwing/Content/Levels/Test_BuiltData.uasset" SILENT=true
[2020.02.17-17.21.49:775][143]LogSavePackage: Moving 'C:/Users/jocow/OneDrive/Documents/Jonah Cowan/Projects/LapwingGame/Lapwing/Saved/Test_BuiltDataE564C2FB4DA6AA8ADE8B029E2482B118.tmp' to 'C:/Users/jocow/OneDrive/Documents/Jonah Cowan/Projects/LapwingGame/Lapwing/Content/Levels/Test_BuiltData.uasset'
[2020.02.17-17.22.00:005][248]LogEditorViewport: Clicking on Actor (context menu): StaticMeshActor (Cube)
[2020.02.17-17.22.00:306][248]LogSlate: FSceneViewport::OnFocusLost() reason 2
[2020.02.17-17.22.14:981][813]Cmd: DELETE
[2020.02.17-17.22.14:981][813]Cmd: ACTOR DELETE
[2020.02.17-17.22.15:600][813]LogEditorActor: Deleted Actor: StaticMeshActor
[2020.02.17-17.22.15:631][813]LogEditorActor: Deleted 1 Actors (0.650 secs)
[2020.02.17-17.22.19:445][226]LogSlate: FSceneViewport::OnFocusLost() reason 0
[2020.02.17-17.22.19:528][236]LogTemp: Repeating last play command: Selected Viewport
[2020.02.17-17.22.19:558][236]LogBlueprintUserMessages: Early PlayInEditor Detection: Level '/Game/Levels/Test.Test:PersistentLevel' has LevelScriptBlueprint '/Game/Levels/Test.Test:PersistentLevel.Test' with GeneratedClass '/Game/Levels/Test.Test_C' with ClassGeneratedBy '/Game/Levels/Test.Test:PersistentLevel.Test'
[2020.02.17-17.22.19:558][236]LogPlayLevel: PlayLevel: No blueprints needed recompiling
[2020.02.17-17.22.19:559][236]PIE: New page: PIE session: Test (Feb 17, 2020, 3:22:19 AM)
[2020.02.17-17.22.19:576][236]LogPlayLevel: Creating play world package: /Game/Levels/UEDPIE_0_Test
[2020.02.17-17.22.19:603][236]LogPlayLevel: PIE: StaticDuplicateObject took: (0.026461s)
[2020.02.17-17.22.19:613][236]LogAIModule: Creating AISystem for world Test
[2020.02.17-17.22.19:614][236]LogPlayLevel: PIE: World Init took: (0.001062s)
[2020.02.17-17.22.19:614][236]LogPlayLevel: PIE: Created PIE world by copying editor world from /Game/Levels/Test.Test to /Game/Levels/UEDPIE_0_Test.Test (0.037458s)
[2020.02.17-17.22.19:681][236]LogInit: XAudio2 using 'Speakers (Realtek High Definition Audio)' : 2 channels at 48 kHz using 32 bits per sample (channel mask 0x3)
[2020.02.17-17.22.19:710][236]LogInit: FAudioDevice initialized.
[2020.02.17-17.22.19:774][236]LogLoad: Game class is 'SinglePlayerMode_C'
[2020.02.17-17.22.19:794][236]LogWorld: Bringing World /Game/Levels/UEDPIE_0_Test.Test up for play (max tick rate 0) at 2020.02.17-10.22.19
[2020.02.17-17.22.19:794][236]LogWorld: Bringing up level for play took: 0.003192
[2020.02.17-17.22.19:853][236]LogContentBrowser: Native class hierarchy updated for 'MovieSceneCapture' in 0.0004 seconds. Added 20 classes and 0 folders.
[2020.02.17-17.22.19:853][236]LogGameMode: Display: Match State Changed from EnteringMap to WaitingToStart
[2020.02.17-17.22.19:853][236]LogGameState: Match State Changed from EnteringMap to WaitingToStart
[2020.02.17-17.22.19:854][236]LogGameMode: Display: Match State Changed from WaitingToStart to InProgress
[2020.02.17-17.22.19:884][236]LogGameState: Match State Changed from WaitingToStart to InProgress
[2020.02.17-17.22.19:884][236]PIE: Play in editor start time for /Game/Levels/UEDPIE_0_Test 0.049
[2020.02.17-17.22.19:885][236]LogBlueprintUserMessages: Late PlayInEditor Detection: Level '/Game/Levels/Test.Test:PersistentLevel' has LevelScriptBlueprint '/Game/Levels/Test.Test:PersistentLevel.Test' with GeneratedClass '/Game/Levels/Test.Test_C' with ClassGeneratedBy '/Game/Levels/Test.Test:PersistentLevel.Test'
[2020.02.17-17.22.21:279][387]LogBlueprintUserMessages: Early EndPlayMap Detection: Level '/Game/Levels/Test.Test:PersistentLevel' has LevelScriptBlueprint '/Game/Levels/Test.Test:PersistentLevel.Test' with GeneratedClass '/Game/Levels/Test.Test_C' with ClassGeneratedBy '/Game/Levels/Test.Test:PersistentLevel.Test'
[2020.02.17-17.22.21:280][387]LogSlate: Updating window title bar state: overlay mode, drag disabled, window buttons hidden, title bar hidden
[2020.02.17-17.22.21:319][387]LogPlayLevel: Display: Shutting down PIE online subsystems
[2020.02.17-17.22.21:319][387]LogBlueprintUserMessages: Late EndPlayMap Detection: Level '/Game/Levels/Test.Test:PersistentLevel' has LevelScriptBlueprint '/Game/Levels/Test.Test:PersistentLevel.Test' with GeneratedClass '/Game/Levels/Test.Test_C' with ClassGeneratedBy '/Game/Levels/Test.Test:PersistentLevel.Test'
[2020.02.17-17.22.21:352][387]LogSlate: Updating window title bar state: overlay mode, drag disabled, window buttons hidden, title bar hidden
[2020.02.17-17.22.21:402][389]LogPlayLevel: Display: Destroying online subsystem :Context_6
[2020.02.17-17.22.25:924][926]LogSlate: FSceneViewport::OnFocusLost() reason 0
[2020.02.17-17.22.26:016][937]LogTemp: Repeating last play command: Selected Viewport
[2020.02.17-17.22.26:032][937]LogBlueprintUserMessages: Early PlayInEditor Detection: Level '/Game/Levels/Test.Test:PersistentLevel' has LevelScriptBlueprint '/Game/Levels/Test.Test:PersistentLevel.Test' with GeneratedClass '/Game/Levels/Test.Test_C' with ClassGeneratedBy '/Game/Levels/Test.Test:PersistentLevel.Test'
[2020.02.17-17.22.26:033][937]LogPlayLevel: PlayLevel: No blueprints needed recompiling
[2020.02.17-17.22.26:033][937]PIE: New page: PIE session: Test (Feb 17, 2020, 3:22:26 AM)
[2020.02.17-17.22.26:033][937]LogPlayLevel: Creating play world package: /Game/Levels/UEDPIE_0_Test
[2020.02.17-17.22.26:060][937]LogPlayLevel: PIE: StaticDuplicateObject took: (0.026094s)
[2020.02.17-17.22.26:060][937]LogAIModule: Creating AISystem for world Test
[2020.02.17-17.22.26:061][937]LogPlayLevel: PIE: World Init took: (0.000931s)
[2020.02.17-17.22.26:061][937]LogPlayLevel: PIE: Created PIE world by copying editor world from /Game/Levels/Test.Test to /Game/Levels/UEDPIE_0_Test.Test (0.027644s)
[2020.02.17-17.22.26:112][937]LogInit: XAudio2 using 'Speakers (Realtek High Definition Audio)' : 2 channels at 48 kHz using 32 bits per sample (channel mask 0x3)
[2020.02.17-17.22.26:140][937]LogInit: FAudioDevice initialized.
[2020.02.17-17.22.26:171][937]LogLoad: Game class is 'SinglePlayerMode_C'
[2020.02.17-17.22.26:174][937]LogWorld: Bringing World /Game/Levels/UEDPIE_0_Test.Test up for play (max tick rate 0) at 2020.02.17-10.22.26
[2020.02.17-17.22.26:175][937]LogWorld: Bringing up level for play took: 0.002956
[2020.02.17-17.22.26:188][937]LogGameMode: Display: Match State Changed from EnteringMap to WaitingToStart
[2020.02.17-17.22.26:188][937]LogGameState: Match State Changed from EnteringMap to WaitingToStart
[2020.02.17-17.22.26:188][937]LogGameMode: Display: Match State Changed from WaitingToStart to InProgress
[2020.02.17-17.22.26:190][937]LogGameState: Match State Changed from WaitingToStart to InProgress
[2020.02.17-17.22.26:191][937]PIE: Play in editor start time for /Game/Levels/UEDPIE_0_Test 0.355
[2020.02.17-17.22.26:191][937]LogBlueprintUserMessages: Late PlayInEditor Detection: Level '/Game/Levels/Test.Test:PersistentLevel' has LevelScriptBlueprint '/Game/Levels/Test.Test:PersistentLevel.Test' with GeneratedClass '/Game/Levels/Test.Test_C' with ClassGeneratedBy '/Game/Levels/Test.Test:PersistentLevel.Test'
[2020.02.17-17.24.08:206][904]LogBlueprintUserMessages: Early EndPlayMap Detection: Level '/Game/Levels/Test.Test:PersistentLevel' has LevelScriptBlueprint '/Game/Levels/Test.Test:PersistentLevel.Test' with GeneratedClass '/Game/Levels/Test.Test_C' with ClassGeneratedBy '/Game/Levels/Test.Test:PersistentLevel.Test'
[2020.02.17-17.24.08:207][904]LogSlate: Updating window title bar state: overlay mode, drag disabled, window buttons hidden, title bar hidden
[2020.02.17-17.24.08:273][904]LogPlayLevel: Display: Shutting down PIE online subsystems
[2020.02.17-17.24.08:273][904]LogBlueprintUserMessages: Late EndPlayMap Detection: Level '/Game/Levels/Test.Test:PersistentLevel' has LevelScriptBlueprint '/Game/Levels/Test.Test:PersistentLevel.Test' with GeneratedClass '/Game/Levels/Test.Test_C' with ClassGeneratedBy '/Game/Levels/Test.Test:PersistentLevel.Test'
[2020.02.17-17.24.08:305][904]LogSlate: Updating window title bar state: overlay mode, drag disabled, window buttons hidden, title bar hidden
[2020.02.17-17.24.08:334][905]LogPlayLevel: Display: Destroying online subsystem :Context_7
[2020.02.17-17.24.09:754][ 72]LogSlate: FSceneViewport::OnFocusLost() reason 0
[2020.02.17-17.30.32:899][611]LogSlate: FSceneViewport::OnFocusLost() reason 2
[2020.02.17-17.30.38:011][192]LogSlate: FSceneViewport::OnFocusLost() reason 2
[2020.02.17-17.30.39:351][349]LogSlate: FSceneViewport::OnFocusLost() reason 2
[2020.02.17-17.30.42:423][349]LogSlate: Only BGRA pngs, bmps or icos are supported in by External Image Picker
[2020.02.17-17.30.42:547][350]LogTemp: Executing iPhonePackager certificates Engine -bundlename com.YourCompany.Lapwing
[2020.02.17-17.30.42:548][350]LogTemp: CWD: D:\Epic\Epic Games\UE_4.21\Engine\Binaries\DotNET\IOS
[2020.02.17-17.30.42:548][350]LogTemp: Initial Dir: D:\Epic\Epic Games\UE_4.21
[2020.02.17-17.30.42:549][350]LogTemp: Env CWD: D:\Epic\Epic Games\UE_4.21\Engine\Binaries\DotNET\IOS
[2020.02.17-17.30.42:549][350]LogTemp: BranchPath = JONAH/D/Epic/Epic Games/UE_4.21/Engine/Binaries --- GameBranchPath = JONAH/D/Epic/Epic Games/UE_4.21/Engine/Binaries
[2020.02.17-17.30.42:550][350]LogTemp: IPP ERROR: Could not find provision directory 'C:\Users\jocow\AppData\Local/Apple Computer/MobileDevice/Provisioning Profiles/'.
[2020.02.17-17.33.32:855][ 95]LogSavePackage: Moving 'C:/Users/jocow/OneDrive/Documents/Jonah Cowan/Projects/LapwingGame/Lapwing/Saved/Test_Auto150E653744153F5ABEEABF0BE40707DD9.tmp' to 'C:/Users/jocow/OneDrive/Documents/Jonah Cowan/Projects/LapwingGame/Lapwing/Saved/Autosaves/Game/Levels/Test_Auto1.umap'
[2020.02.17-17.33.32:858][ 95]LogFileHelpers: Editor autosave (incl. sublevels) for '/Game/Levels/Test' took 0.377
[2020.02.17-17.33.32:859][ 95]LogFileHelpers: Editor autosave (incl. sublevels) for all levels took 0.377
[2020.02.17-17.37.13:509][440]LogSlate: FSceneViewport::OnFocusLost() reason 0
[2020.02.17-17.37.13:600][451]LogTemp: Repeating last play command: Selected Viewport
[2020.02.17-17.37.13:616][451]LogBlueprintUserMessages: Early PlayInEditor Detection: Level '/Game/Levels/Test.Test:PersistentLevel' has LevelScriptBlueprint '/Game/Levels/Test.Test:PersistentLevel.Test' with GeneratedClass '/Game/Levels/Test.Test_C' with ClassGeneratedBy '/Game/Levels/Test.Test:PersistentLevel.Test'
[2020.02.17-17.37.13:617][451]LogPlayLevel: PlayLevel: No blueprints needed recompiling
[2020.02.17-17.37.13:618][451]PIE: New page: PIE session: Test (Feb 17, 2020, 3:37:13 AM)
[2020.02.17-17.37.13:618][451]LogPlayLevel: Creating play world package: /Game/Levels/UEDPIE_0_Test
[2020.02.17-17.37.13:647][451]LogPlayLevel: PIE: StaticDuplicateObject took: (0.028427s)
[2020.02.17-17.37.13:648][451]LogAIModule: Creating AISystem for world Test
[2020.02.17-17.37.13:648][451]LogPlayLevel: PIE: World Init took: (0.001098s)
[2020.02.17-17.37.13:649][451]LogPlayLevel: PIE: Created PIE world by copying editor world from /Game/Levels/Test.Test to /Game/Levels/UEDPIE_0_Test.Test (0.030243s)
[2020.02.17-17.37.13:702][451]LogInit: XAudio2 using 'Speakers (Realtek High Definition Audio)' : 2 channels at 48 kHz using 32 bits per sample (channel mask 0x3)
[2020.02.17-17.37.13:733][451]LogInit: FAudioDevice initialized.
[2020.02.17-17.37.13:770][451]LogLoad: Game class is 'SinglePlayerMode_C'
[2020.02.17-17.37.13:774][451]LogWorld: Bringing World /Game/Levels/UEDPIE_0_Test.Test up for play (max tick rate 0) at 2020.02.17-10.37.13
[2020.02.17-17.37.13:775][451]LogWorld: Bringing up level for play took: 0.003404
[2020.02.17-17.37.13:788][451]LogGameMode: Display: Match State Changed from EnteringMap to WaitingToStart
[2020.02.17-17.37.13:788][451]LogGameState: Match State Changed from EnteringMap to WaitingToStart
[2020.02.17-17.37.13:789][451]LogGameMode: Display: Match State Changed from WaitingToStart to InProgress
[2020.02.17-17.37.13:791][451]LogGameState: Match State Changed from WaitingToStart to InProgress
[2020.02.17-17.37.13:792][451]PIE: Play in editor start time for /Game/Levels/UEDPIE_0_Test -0.043
[2020.02.17-17.37.13:792][451]LogBlueprintUserMessages: Late PlayInEditor Detection: Level '/Game/Levels/Test.Test:PersistentLevel' has LevelScriptBlueprint '/Game/Levels/Test.Test:PersistentLevel.Test' with GeneratedClass '/Game/Levels/Test.Test_C' with ClassGeneratedBy '/Game/Levels/Test.Test:PersistentLevel.Test'
[2020.02.17-17.37.29:328][212]LogBlueprintUserMessages: Early EndPlayMap Detection: Level '/Game/Levels/Test.Test:PersistentLevel' has LevelScriptBlueprint '/Game/Levels/Test.Test:PersistentLevel.Test' with GeneratedClass '/Game/Levels/Test.Test_C' with ClassGeneratedBy '/Game/Levels/Test.Test:PersistentLevel.Test'
[2020.02.17-17.37.29:329][212]LogSlate: Updating window title bar state: overlay mode, drag disabled, window buttons hidden, title bar hidden
[2020.02.17-17.37.29:366][212]LogPlayLevel: Display: Shutting down PIE online subsystems
[2020.02.17-17.37.29:366][212]LogBlueprintUserMessages: Late EndPlayMap Detection: Level '/Game/Levels/Test.Test:PersistentLevel' has LevelScriptBlueprint '/Game/Levels/Test.Test:PersistentLevel.Test' with GeneratedClass '/Game/Levels/Test.Test_C' with ClassGeneratedBy '/Game/Levels/Test.Test:PersistentLevel.Test'
[2020.02.17-17.37.29:400][212]LogSlate: Updating window title bar state: overlay mode, drag disabled, window buttons hidden, title bar hidden
[2020.02.17-17.37.29:428][213]LogPlayLevel: Display: Destroying online subsystem :Context_8
[2020.02.17-17.37.55:406][429]LogSlate: FSceneViewport::OnFocusLost() reason 2
[2020.02.17-17.39.32:880][286]LogSlate: FSceneViewport::OnFocusLost() reason 0
[2020.02.17-17.39.32:963][296]LogTemp: Repeating last play command: Selected Viewport
[2020.02.17-17.39.32:979][296]LogBlueprintUserMessages: Early PlayInEditor Detection: Level '/Game/Levels/Test.Test:PersistentLevel' has LevelScriptBlueprint '/Game/Levels/Test.Test:PersistentLevel.Test' with GeneratedClass '/Game/Levels/Test.Test_C' with ClassGeneratedBy '/Game/Levels/Test.Test:PersistentLevel.Test'
[2020.02.17-17.39.32:980][296]LogPlayLevel: PlayLevel: No blueprints needed recompiling
[2020.02.17-17.39.32:980][296]PIE: New page: PIE session: Test (Feb 17, 2020, 3:39:32 AM)
[2020.02.17-17.39.32:981][296]LogPlayLevel: Creating play world package: /Game/Levels/UEDPIE_0_Test
[2020.02.17-17.39.33:009][296]LogPlayLevel: PIE: StaticDuplicateObject took: (0.028122s)
[2020.02.17-17.39.33:010][296]LogAIModule: Creating AISystem for world Test
[2020.02.17-17.39.33:010][296]LogPlayLevel: PIE: World Init took: (0.001071s)
[2020.02.17-17.39.33:011][296]LogPlayLevel: PIE: Created PIE world by copying editor world from /Game/Levels/Test.Test to /Game/Levels/UEDPIE_0_Test.Test (0.029857s)
[2020.02.17-17.39.33:069][296]LogInit: XAudio2 using 'Speakers (Realtek High Definition Audio)' : 2 channels at 48 kHz using 32 bits per sample (channel mask 0x3)
[2020.02.17-17.39.33:098][296]LogInit: FAudioDevice initialized.
[2020.02.17-17.39.33:132][296]LogLoad: Game class is 'SinglePlayerMode_C'
[2020.02.17-17.39.33:135][296]LogWorld: Bringing World /Game/Levels/UEDPIE_0_Test.Test up for play (max tick rate 0) at 2020.02.17-10.39.33
[2020.02.17-17.39.33:136][296]LogWorld: Bringing up level for play took: 0.003102
[2020.02.17-17.39.33:149][296]LogGameMode: Display: Match State Changed from EnteringMap to WaitingToStart
[2020.02.17-17.39.33:149][296]LogGameState: Match State Changed from EnteringMap to WaitingToStart
[2020.02.17-17.39.33:149][296]LogGameMode: Display: Match State Changed from WaitingToStart to InProgress
[2020.02.17-17.39.33:152][296]LogGameState: Match State Changed from WaitingToStart to InProgress
[2020.02.17-17.39.33:152][296]PIE: Play in editor start time for /Game/Levels/UEDPIE_0_Test -0.683
[2020.02.17-17.39.33:152][296]LogBlueprintUserMessages: Late PlayInEditor Detection: Level '/Game/Levels/Test.Test:PersistentLevel' has LevelScriptBlueprint '/Game/Levels/Test.Test:PersistentLevel.Test' with GeneratedClass '/Game/Levels/Test.Test_C' with ClassGeneratedBy '/Game/Levels/Test.Test:PersistentLevel.Test'
[2020.02.17-17.40.19:845][796]LogBlueprintUserMessages: Early EndPlayMap Detection: Level '/Game/Levels/Test.Test:PersistentLevel' has LevelScriptBlueprint '/Game/Levels/Test.Test:PersistentLevel.Test' with GeneratedClass '/Game/Levels/Test.Test_C' with ClassGeneratedBy '/Game/Levels/Test.Test:PersistentLevel.Test'
[2020.02.17-17.40.19:847][796]LogSlate: Updating window title bar state: overlay mode, drag disabled, window buttons hidden, title bar hidden
[2020.02.17-17.40.19:885][796]LogPlayLevel: Display: Shutting down PIE online subsystems
[2020.02.17-17.40.19:885][796]LogBlueprintUserMessages: Late EndPlayMap Detection: Level '/Game/Levels/Test.Test:PersistentLevel' has LevelScriptBlueprint '/Game/Levels/Test.Test:PersistentLevel.Test' with GeneratedClass '/Game/Levels/Test.Test_C' with ClassGeneratedBy '/Game/Levels/Test.Test:PersistentLevel.Test'
[2020.02.17-17.40.19:918][796]LogSlate: Updating window title bar state: overlay mode, drag disabled, window buttons hidden, title bar hidden
[2020.02.17-17.40.19:949][797]LogPlayLevel: Display: Destroying online subsystem :Context_9
[2020.02.17-17.48.58:343][949]LogSlate: FSceneViewport::OnFocusLost() reason 0
[2020.02.17-17.48.58:356][949]LogAssetEditorManager: Opening Asset editor for Blueprint /Game/Blueprints/PlayerCharacterBP.PlayerCharacterBP
[2020.02.17-17.49.05:766][517]LogAssetEditorManager: Opening Asset editor for AnimBlueprint /Game/Blueprints/PlayerAnimation.PlayerAnimation
[2020.02.17-17.49.05:891][517]LogContentBrowser: Native class hierarchy updated for 'SkeletonEditor' in 0.0004 seconds. Added 1 classes and 2 folders.
[2020.02.17-17.49.06:508][517]LogActorComponent: RegisterComponentWithWorld: (/Engine/Transient.World_7:PersistentLevel.AnimationEditorPreviewActor_0.DebugSkelMeshComponent_0) Already registered. Aborting.
[2020.02.17-17.49.06:515][517]LogContentBrowser: Native class hierarchy updated for 'PinnedCommandList' in 0.0003 seconds. Added 1 classes and 0 folders.
[2020.02.17-17.49.06:932][517]LogSkeletalMesh: USkeletalMeshComponent::InitArticulated : Bodies already created (/Engine/Transient.World_7:PersistentLevel.AnimationEditorPreviewActor_0.DebugSkelMeshComponent_0) - call TermArticulated first.
[2020.02.17-17.49.07:497][517]LogContentBrowser: Native class hierarchy updated for 'ClothingSystemEditorInterface' in 0.0003 seconds. Added 1 classes and 0 folders.
[2020.02.17-17.49.07:580][517]LogContentBrowser: Verbose: The majority of assets in the view are of type: AnimSequence
[2020.02.17-17.57.48:626][849]LogSlate: Window 'Project Settings' being destroyed
[2020.02.17-17.57.48:631][849]LogSlate: Window 'Project Settings' being destroyed
[2020.02.17-17.57.52:267][160]LogSlate: FSceneViewport::OnFocusLost() reason 0
[2020.02.17-18.21.22:337][ 42]LogRenderer: Reallocating scene render targets to support 1684x752 Format 10 NumSamples 1 (Frame:1).
[2020.02.17-18.40.59:227][338]LogFileHelpers: Editor autosave (incl. sublevels) for '/Game/Levels/Test' took 0.036
[2020.02.17-18.40.59:230][338]OBJ SavePackage: Generating thumbnails for [1] asset(s) in package [/Game/Blueprints/PlayerCharacterBP] ([1] browsable assets)...
[2020.02.17-18.40.59:261][338]OBJ SavePackage:     Rendered thumbnail for [Blueprint /Game/Blueprints/PlayerCharacterBP.PlayerCharacterBP]
[2020.02.17-18.40.59:261][338]OBJ SavePackage: Finished generating thumbnails for package [/Game/Blueprints/PlayerCharacterBP]
[2020.02.17-18.41.00:274][338]LogSavePackage: Moving 'C:/Users/jocow/OneDrive/Documents/Jonah Cowan/Projects/LapwingGame/Lapwing/Saved/PlayerCharacterBP_Auto2BB49FEAC4A4E8C2C8CA275BF7E8107E5.tmp' to 'C:/Users/jocow/OneDrive/Documents/Jonah Cowan/Projects/LapwingGame/Lapwing/Saved/Autosaves/Game/Blueprints/PlayerCharacterBP_Auto2.uasset'
[2020.02.17-18.41.00:294][338]LogFileHelpers: Auto-saving content packages took 1.065
[2020.02.17-18.51.00:652][795]LogFileHelpers: Editor autosave (incl. sublevels) for '/Game/Levels/Test' took 0.037
[2020.02.17-18.51.00:654][795]OBJ SavePackage: Generating thumbnails for [0] asset(s) in package [/Game/Blueprints/PlayerCharacterBP] ([1] browsable assets)...
[2020.02.17-18.51.00:654][795]OBJ SavePackage: Finished generating thumbnails for package [/Game/Blueprints/PlayerCharacterBP]
[2020.02.17-18.51.00:999][795]LogSavePackage: Moving 'C:/Users/jocow/OneDrive/Documents/Jonah Cowan/Projects/LapwingGame/Lapwing/Saved/PlayerCharacterBP_Auto3B1F2629A45397EE81C7E198D2B4E4168.tmp' to 'C:/Users/jocow/OneDrive/Documents/Jonah Cowan/Projects/LapwingGame/Lapwing/Saved/Autosaves/Game/Blueprints/PlayerCharacterBP_Auto3.uasset'
[2020.02.17-18.51.01:006][795]LogFileHelpers: Auto-saving content packages took 0.353
[2020.02.17-19.08.39:600][487]LogEditorViewport: Clicking on Actor (LMB): StaticMeshActor (Floor)
[2020.02.17-19.10.01:817][788]LogSlate: FSceneViewport::OnFocusLost() reason 0
[2020.02.17-19.10.10:139][252]LogTemp: Repeating last play command: Selected Viewport
[2020.02.17-19.10.10:161][252]LogBlueprintUserMessages: Early PlayInEditor Detection: Level '/Game/Levels/Test.Test:PersistentLevel' has LevelScriptBlueprint '/Game/Levels/Test.Test:PersistentLevel.Test' with GeneratedClass '/Game/Levels/Test.Test_C' with ClassGeneratedBy '/Game/Levels/Test.Test:PersistentLevel.Test'
[2020.02.17-19.10.10:161][252]LogPlayLevel: PlayLevel: No blueprints needed recompiling
[2020.02.17-19.10.10:162][252]PIE: New page: PIE session: Test (Feb 17, 2020, 5:10:10 AM)
[2020.02.17-19.10.10:162][252]LogPlayLevel: Creating play world package: /Game/Levels/UEDPIE_0_Test
[2020.02.17-19.10.10:191][252]LogPlayLevel: PIE: StaticDuplicateObject took: (0.028681s)
[2020.02.17-19.10.10:192][252]LogAIModule: Creating AISystem for world Test
[2020.02.17-19.10.10:192][252]LogPlayLevel: PIE: World Init took: (0.001099s)
[2020.02.17-19.10.10:193][252]LogPlayLevel: PIE: Created PIE world by copying editor world from /Game/Levels/Test.Test to /Game/Levels/UEDPIE_0_Test.Test (0.030495s)
[2020.02.17-19.10.10:255][252]LogInit: XAudio2 using 'Speakers (Realtek High Definition Audio)' : 2 channels at 48 kHz using 32 bits per sample (channel mask 0x3)
[2020.02.17-19.10.10:286][252]LogInit: FAudioDevice initialized.
[2020.02.17-19.10.10:327][252]LogLoad: Game class is 'SinglePlayerMode_C'
[2020.02.17-19.10.10:331][252]LogWorld: Bringing World /Game/Levels/UEDPIE_0_Test.Test up for play (max tick rate 0) at 2020.02.17-12.10.10
[2020.02.17-19.10.10:332][252]LogWorld: Bringing up level for play took: 0.003563
[2020.02.17-19.10.10:345][252]LogGameMode: Display: Match State Changed from EnteringMap to WaitingToStart
[2020.02.17-19.10.10:345][252]LogGameState: Match State Changed from EnteringMap to WaitingToStart
[2020.02.17-19.10.10:346][252]LogGameMode: Display: Match State Changed from WaitingToStart to InProgress
[2020.02.17-19.10.10:348][252]LogGameState: Match State Changed from WaitingToStart to InProgress
[2020.02.17-19.10.10:349][252]PIE: Play in editor start time for /Game/Levels/UEDPIE_0_Test 0.514
[2020.02.17-19.10.10:349][252]LogBlueprintUserMessages: Late PlayInEditor Detection: Level '/Game/Levels/Test.Test:PersistentLevel' has LevelScriptBlueprint '/Game/Levels/Test.Test:PersistentLevel.Test' with GeneratedClass '/Game/Levels/Test.Test_C' with ClassGeneratedBy '/Game/Levels/Test.Test:PersistentLevel.Test'
[2020.02.17-19.10.12:542][364]LogSlate: FSceneViewport::OnFocusLost() reason 0
[2020.02.17-19.10.18:021][ 12]LogBlueprintUserMessages: Early EndPlayMap Detection: Level '/Game/Levels/Test.Test:PersistentLevel' has LevelScriptBlueprint '/Game/Levels/Test.Test:PersistentLevel.Test' with GeneratedClass '/Game/Levels/Test.Test_C' with ClassGeneratedBy '/Game/Levels/Test.Test:PersistentLevel.Test'
[2020.02.17-19.10.18:022][ 12]LogSlate: Updating window title bar state: overlay mode, drag disabled, window buttons hidden, title bar hidden
[2020.02.17-19.10.18:059][ 12]LogPlayLevel: Display: Shutting down PIE online subsystems
[2020.02.17-19.10.18:059][ 12]LogBlueprintUserMessages: Late EndPlayMap Detection: Level '/Game/Levels/Test.Test:PersistentLevel' has LevelScriptBlueprint '/Game/Levels/Test.Test:PersistentLevel.Test' with GeneratedClass '/Game/Levels/Test.Test_C' with ClassGeneratedBy '/Game/Levels/Test.Test:PersistentLevel.Test'
[2020.02.17-19.10.18:097][ 12]LogSlate: Updating window title bar state: overlay mode, drag disabled, window buttons hidden, title bar hidden
[2020.02.17-19.10.18:127][ 13]LogPlayLevel: Display: Destroying online subsystem :Context_17
[2020.02.17-19.10.25:643][210]LogSlate: FSceneViewport::OnFocusLost() reason 0
[2020.02.17-19.15.56:613][865]LogEditorTransaction: Undo Resize Node
[2020.02.17-19.15.56:806][865]LogActorComponent: RegisterComponentWithWorld: (/Engine/Transient.World_7:PersistentLevel.AnimationEditorPreviewActor_0.DebugSkelMeshComponent_0) Already registered. Aborting.
[2020.02.17-19.16.33:581][760]LogEditorTransaction: Undo Move Node
[2020.02.17-19.16.33:740][760]LogActorComponent: RegisterComponentWithWorld: (/Engine/Transient.World_7:PersistentLevel.AnimationEditorPreviewActor_0.DebugSkelMeshComponent_0) Already registered. Aborting.
[2020.02.17-19.21.53:524][703]LogFileHelpers: Editor autosave (incl. sublevels) for '/Game/Levels/Test' took 0.039
[2020.02.17-19.21.53:526][703]OBJ SavePackage: Generating thumbnails for [1] asset(s) in package [/Game/Blueprints/PlayerCharacterBP] ([1] browsable assets)...
[2020.02.17-19.21.53:550][703]OBJ SavePackage:     Rendered thumbnail for [Blueprint /Game/Blueprints/PlayerCharacterBP.PlayerCharacterBP]
[2020.02.17-19.21.53:550][703]OBJ SavePackage: Finished generating thumbnails for package [/Game/Blueprints/PlayerCharacterBP]
[2020.02.17-19.21.53:897][703]LogSavePackage: Moving 'C:/Users/jocow/OneDrive/Documents/Jonah Cowan/Projects/LapwingGame/Lapwing/Saved/PlayerCharacterBP_Auto431AF9E5C4AFE8CC4AAE071AB08CB8DEF.tmp' to 'C:/Users/jocow/OneDrive/Documents/Jonah Cowan/Projects/LapwingGame/Lapwing/Saved/Autosaves/Game/Blueprints/PlayerCharacterBP_Auto4.uasset'
[2020.02.17-19.21.53:900][703]LogFileHelpers: Auto-saving content packages took 0.375
[2020.02.17-19.31.30:777][823]LogEditorTransaction: Undo Clicking on Actors
[2020.02.17-19.31.30:916][823]LogActorComponent: RegisterComponentWithWorld: (/Engine/Transient.World_7:PersistentLevel.AnimationEditorPreviewActor_0.DebugSkelMeshComponent_0) Already registered. Aborting.
[2020.02.17-19.41.26:724][251]LogRenderer: Reallocating scene render targets to support 1684x772 Format 10 NumSamples 1 (Frame:230).
